2026-04-01 21:55:37 [a30abbf44ebe43118108022a827d9a83] INFO 文生图开始 | {"model": "doubao-seedream-5-0-260128", "size": "2K", "prompt": "test"}
2026-04-01 21:55:50 [a30abbf44ebe43118108022a827d9a83] INFO 模型 API 调用完成 | {"model": "doubao-seedream-5-0-260128", "elapsed": 12.434}
2026-04-01 21:55:50 [a30abbf44ebe43118108022a827d9a83] INFO 图片保存完成 | {"count": 1, "path": "20260401_215537.png"}
2026-04-01 21:55:50 [a30abbf44ebe43118108022a827d9a83] INFO 文生图完成 | {"total_elapsed": 13.044}
2026-04-01 21:56:23 [b72ed4a4a4654f8eaca9b7722339b2f7] INFO 文生图开始 | {"model": "doubao-seedream-5-0-260128", "size": "2K", "prompt": "沈墨白角色设定图，2行3列共6张。第一行三张展示不同表情：平静眼神沉稳、冷厉眉头微皱下颌绷紧、空白眼神失焦，均为半身。第二行三张展示不同穿搭：深色衬衫袖子卷到小臂左腕旧款机械手表、黑色西装、白色T恤，均为近景。男性，28岁，身高183cm，偏瘦但肩膀宽，五官棱角分明，眉骨高，眼窝略深，薄唇，头发微长有一缕垂到额前，灰色纯色背景，现代都市写实，偏电影质感，冷色调，低饱和，暗调，写实风格，有胶片质感，胶片颗粒感，电影级光影"}
2026-04-01 21:56:23 [9ce92439b47241f08027c19891b7ca58] INFO 文生图开始 | {"model": "doubao-seedream-5-0-260128", "size": "2K", "prompt": "苏念安角色设定图，2行3列共6张。第一行三张展示不同表情：冷淡警惕眼神冷淡嘴唇紧闭、冷静倔强眼神倔强直视前方、平静淡然表情平静嘴角微抿，均为半身。第二行三张展示不同穿搭：灰蓝色旧棉质衣服低马尾、灰色超市围裙内搭灰色T恤、白色T恤，均为近景。女性，26岁，身高165cm，偏瘦但腰背挺直，长发自来卷扎低马尾，皮肤白但眼下有青黑色，左手无名指有旧伤疤，灰色纯色背景，现代都市写实，偏电影质感，冷色调，低饱和，暗调，写实风格，有胶片质感，胶片颗粒感，电影级光影"}
2026-04-01 21:56:23 [cb08a1b17af24e3ebcf5fdac0f6615dc] INFO 文生图开始 | {"model": "doubao-seedream-5-0-260128", "size": "2K", "prompt": "赵磊角色设定图，2行3列共6张。第一行三张展示不同表情：兴奋紧张表情兴奋额头有汗、讨好蛮横笑容讨好但眼神蛮横、嚣张得意咧嘴笑表情嚣张，均为半身。第二行三张展示不同穿搭：脏花衬衫扣子扣错脖子金色粗链子、深色背心、深色旧外套，均为近景。男性，30岁，身高170cm，粗壮，圆脸小眼，头发油乱，脖子上有廉价金色粗链子，灰色纯色背景，现代都市写实，偏电影质感，冷色调，低饱和，暗调，写实风格，有胶片质感，胶片颗粒感，电影级光影"}
2026-04-01 21:56:23 [57bb93127ccb452bbcce5b3c1ee503be] INFO 文生图开始 | {"model": "doubao-seedream-5-0-260128", "size": "2K", "prompt": "王语嫣角色设定图，2行3列共6张。第一行三张展示不同表情：微笑确信标准社交微笑眼神自信、愤怒不甘笑容消失眼神恼怒、冷漠算计表情冷漠嘴角微抿，均为半身。第二行三张展示不同穿搭：黑色连衣裙妆容精致、黑色修身风衣戴墨镜、白色衬衫，均为近景。女性，27岁，身高168cm，身材高挑，大波浪卷发，妆容精致，眼角有细微鱼尾纹，灰色纯色背景，现代都市写实，偏电影质感，冷色调，低饱和，暗调，写实风格，有胶片质感，胶片颗粒感，电影级光影"}
2026-04-01 21:56:23 [4a1f99c0108c4752a6bf7252898e25ce] INFO 文生图开始 | {"model": "doubao-seedream-5-0-260128", "size": "2K", "prompt": "苏母角色设定图，2行3列共6张。第一行三张展示不同表情：懦弱闪躲眼神闪躲嘴角习惯性下撇、痛苦愧疚嘴角下拉眼眶发红、平静表情平静嘴角松弛，均为半身。第二行三张展示不同穿搭：旧碎花衣服、深色旧外套、灰色棉质家居服，均为近景。女性，52岁，身高158cm，微胖，头发花白扎得紧紧的，脸上皱纹深，灰色纯色背景，现代都市写实，偏电影质感，冷色调，低饱和，暗调，写实风格，有胶片质感，胶片颗粒感，电影级光影"}
2026-04-01 21:59:04 [5b01e057a7d2481cacb2d354b6a8e2fa] INFO 文生图开始 | {"model": "doubao-seedream-5-0-260128", "size": "2K", "prompt": "沈墨白角色设定图，2行3列共6张。第一行三张展示不同表情：平静眼神沉稳、冷厉眉头微皱下颌绷紧、空白眼神失焦，均为半身。第二行三张展示不同穿搭：深色衬衫袖子卷到小臂左腕旧款机械手表、黑色西装、白色T恤，均为近景。男性，28岁，身高183cm，偏瘦但肩膀宽，五官棱角分明，眉骨高，眼窝略深，薄唇，头发微长有一缕垂到额前，灰色纯色背景，现代都市写实，偏电影质感，冷色调，低饱和，暗调，写实风格，有胶片质感，胶片颗粒感，电影级光影"}
2026-04-01 21:59:04 [7327d45a09c54f6f9e1ec06ffa96c727] INFO 文生图开始 | {"model": "doubao-seedream-5-0-260128", "size": "2K", "prompt": "苏念安角色设定图，2行3列共6张。第一行三张展示不同表情：冷淡警惕眼神冷淡嘴唇紧闭、冷静倔强眼神倔强直视前方、平静淡然表情平静嘴角微抿，均为半身。第二行三张展示不同穿搭：灰蓝色旧棉质衣服低马尾、灰色超市围裙内搭灰色T恤、白色T恤，均为近景。女性，26岁，身高165cm，偏瘦但腰背挺直，长发自来卷扎低马尾，皮肤白但眼下有青黑色，左手无名指有旧伤疤，灰色纯色背景，现代都市写实，偏电影质感，冷色调，低饱和，暗调，写实风格，有胶片质感，胶片颗粒感，电影级光影"}
2026-04-01 21:59:04 [532c22cae9ba401290e2e93676b6a18f] INFO 文生图开始 | {"model": "doubao-seedream-5-0-260128", "size": "2K", "prompt": "赵磊角色设定图，2行3列共6张。第一行三张展示不同表情：兴奋紧张表情兴奋额头有汗、讨好蛮横笑容讨好但眼神蛮横、嚣张得意咧嘴笑表情嚣张，均为半身。第二行三张展示不同穿搭：脏花衬衫扣子扣错脖子金色粗链子、深色背心、深色旧外套，均为近景。男性，30岁，身高170cm，粗壮，圆脸小眼，头发油乱，脖子上有廉价金色粗链子，灰色纯色背景，现代都市写实，偏电影质感，冷色调，低饱和，暗调，写实风格，有胶片质感，胶片颗粒感，电影级光影"}
2026-04-01 21:59:04 [3d4dcdd0bf424e7b9d6df8bc35c2f8b1] INFO 文生图开始 | {"model": "doubao-seedream-5-0-260128", "size": "2K", "prompt": "王语嫣角色设定图，2行3列共6张。第一行三张展示不同表情：微笑确信标准社交微笑眼神自信、愤怒不甘笑容消失眼神恼怒、冷漠算计表情冷漠嘴角微抿，均为半身。第二行三张展示不同穿搭：黑色连衣裙妆容精致、黑色修身风衣戴墨镜、白色衬衫，均为近景。女性，27岁，身高168cm，身材高挑，大波浪卷发，妆容精致，眼角有细微鱼尾纹，灰色纯色背景，现代都市写实，偏电影质感，冷色调，低饱和，暗调，写实风格，有胶片质感，胶片颗粒感，电影级光影"}
2026-04-01 21:59:04 [4d08b4c99bf24d3d8191079a81f06a6c] INFO 文生图开始 | {"model": "doubao-seedream-5-0-260128", "size": "2K", "prompt": "苏母角色设定图，2行3列共6张。第一行三张展示不同表情：懦弱闪躲眼神闪躲嘴角习惯性下撇、痛苦愧疚嘴角下拉眼眶发红、平静表情平静嘴角松弛，均为半身。第二行三张展示不同穿搭：旧碎花衣服、深色旧外套、灰色棉质家居服，均为近景。女性，52岁，身高158cm，微胖，头发花白扎得紧紧的，脸上皱纹深，灰色纯色背景，现代都市写实，偏电影质感，冷色调，低饱和，暗调，写实风格，有胶片质感，胶片颗粒感，电影级光影"}
2026-04-01 21:59:36 [4d08b4c99bf24d3d8191079a81f06a6c] INFO 模型 API 调用完成 | {"model": "doubao-seedream-5-0-260128", "elapsed": 30.622}
2026-04-01 21:59:36 [4d08b4c99bf24d3d8191079a81f06a6c] INFO 图片保存完成 | {"count": 1, "path": "CH05_苏母"}
2026-04-01 21:59:36 [4d08b4c99bf24d3d8191079a81f06a6c] INFO 文生图完成 | {"total_elapsed": 31.377}
2026-04-01 21:59:40 [3d4dcdd0bf424e7b9d6df8bc35c2f8b1] INFO 模型 API 调用完成 | {"model": "doubao-seedream-5-0-260128", "elapsed": 34.66}
2026-04-01 21:59:40 [3d4dcdd0bf424e7b9d6df8bc35c2f8b1] INFO 图片保存完成 | {"count": 1, "path": "CH04_王语嫣"}
2026-04-01 21:59:40 [3d4dcdd0bf424e7b9d6df8bc35c2f8b1] INFO 文生图完成 | {"total_elapsed": 35.451}
2026-04-01 21:59:48 [532c22cae9ba401290e2e93676b6a18f] INFO 模型 API 调用完成 | {"model": "doubao-seedream-5-0-260128", "elapsed": 42.583}
2026-04-01 21:59:48 [532c22cae9ba401290e2e93676b6a18f] INFO 图片保存完成 | {"count": 1, "path": "CH03_赵磊"}
2026-04-01 21:59:48 [532c22cae9ba401290e2e93676b6a18f] INFO 文生图完成 | {"total_elapsed": 43.332}
2026-04-01 21:59:48 [5b01e057a7d2481cacb2d354b6a8e2fa] INFO 模型 API 调用完成 | {"model": "doubao-seedream-5-0-260128", "elapsed": 42.645}
2026-04-01 21:59:48 [5b01e057a7d2481cacb2d354b6a8e2fa] INFO 图片保存完成 | {"count": 1, "path": "CH01_沈墨白"}
2026-04-01 21:59:48 [5b01e057a7d2481cacb2d354b6a8e2fa] INFO 文生图完成 | {"total_elapsed": 43.413}
2026-04-01 21:59:53 [7327d45a09c54f6f9e1ec06ffa96c727] INFO 模型 API 调用完成 | {"model": "doubao-seedream-5-0-260128", "elapsed": 48.312}
2026-04-01 21:59:53 [7327d45a09c54f6f9e1ec06ffa96c727] INFO 图片保存完成 | {"count": 1, "path": "CH02_苏念安"}
2026-04-01 21:59:53 [7327d45a09c54f6f9e1ec06ffa96c727] INFO 文生图完成 | {"total_elapsed": 49.082}
2026-04-01 22:38:47 [c97cdaee443146a2a0053a376c261188] INFO 文生图开始 | {"model": "doubao-seedream-5-0-260128", "size": "2K", "prompt": "测试"}
2026-04-01 22:38:59 [c97cdaee443146a2a0053a376c261188] INFO 模型 API 调用完成 | {"model": "doubao-seedream-5-0-260128", "elapsed": 11.533}
2026-04-01 22:38:59 [c97cdaee443146a2a0053a376c261188] INFO 图片保存完成 | {"count": 1, "path": "20260401_223848.png"}
2026-04-01 22:38:59 [c97cdaee443146a2a0053a376c261188] INFO 文生图完成 | {"total_elapsed": 12.095}
2026-04-01 22:39:25 [8ce1c1326a5e442cbdd402ade693aaa2] INFO 文生图开始 | {"model": "doubao-seedream-5-0-260128", "size": "2K", "prompt": "测试图片"}
2026-04-01 22:39:42 [8ce1c1326a5e442cbdd402ade693aaa2] INFO 模型 API 调用完成 | {"model": "doubao-seedream-5-0-260128", "elapsed": 15.658}
2026-04-01 22:39:42 [8ce1c1326a5e442cbdd402ade693aaa2] INFO 图片保存完成 | {"count": 1, "path": "test.png"}
2026-04-01 22:39:42 [8ce1c1326a5e442cbdd402ade693aaa2] INFO 文生图完成 | {"total_elapsed": 16.209}
2026-04-01 22:40:03 [600a999eac684f94acd62eefe64456dd] INFO 文生图开始 | {"model": "doubao-seedream-5-0-260128", "size": "2K", "prompt": "沈墨白角色情绪设定图，2行2列共4张，均为半身。第一行左：表情平静沉稳。第一行右：表情冷厉狠厉，眉头紧皱。第二行左：表情焦急，眼神紧绷。第二行右：表情迷茫空白，眼神失焦。男性，28岁，身高183cm，偏瘦但肩膀宽，五官棱角分明，眉骨高、眼窝略深，薄唇，头发微长有一缕垂到额前，深色衬衫袖子卷到小臂，左腕旧款机械手表，灰色纯色背景，现代都市写实风格，电影质感，冷色调，低饱和，暗调，写实风格，有胶片质感，胶片颗粒感，电影级光影"}
2026-04-01 22:40:03 [6b420bea288943cf9fff07364600695f] INFO 文生图开始 | {"model": "doubao-seedream-5-0-260128", "size": "2K", "prompt": "沈墨白角色服饰设定图，2行2列共4张，均为近景，表情平静。第一行左：深色衬衫袖子卷到小臂，左腕旧款机械手表。第一行右：黑色西装，深色领带。第二行左：深色衬衫，外套搭在手臂上。第二行右：白色T恤，领口微开。男性，28岁，身高183cm，偏瘦但肩膀宽，五官棱角分明，眉骨高、眼窝略深，薄唇，头发微长有一缕垂到额前，灰色纯色背景，现代都市写实风格，电影质感，冷色调，低饱和，暗调，写实风格，有胶片质感，胶片颗粒感，电影级光影"}
2026-04-01 22:40:03 [e593809bef2b488f8e4a712977b8225a] INFO 文生图开始 | {"model": "doubao-seedream-5-0-260128", "size": "2K", "prompt": "苏念安角色情绪设定图，2行2列共4张，均为半身。第一行左：表情冷淡警惕，眼神不看人。第一行右：表情倔强隐忍，嘴唇紧抿。第二行左：表情冷静决绝，目光平直。第二行右：表情疲惫麻木，眼神空洞。女性，26岁，身高165cm，身形偏瘦偏单薄但腰背挺直，长发自来卷随意扎低马尾，皮肤白但眼下有青黑，眼睛大且亮，灰蓝色棉质衣服，灰色纯色背景，现代都市写实风格，电影质感，冷色调，低饱和，暗调，写实风格，有胶片质感，胶片颗粒感，电影级光影"}
2026-04-01 22:40:03 [0746b1edd46c417cbc15a1bc9e5b1c2e] INFO 文生图开始 | {"model": "doubao-seedream-5-0-260128", "size": "2K", "prompt": "苏念安角色服饰设定图，2行2列共4张，均为近景，表情平静。第一行左：灰蓝色棉质衣服，干净朴素。第一行右：灰色T恤外穿红色超市马甲，马甲上有白色文字。第二行左：灰色T恤，简单宽松。第二行右：灰蓝色棉质衣服，衣袖挽到手肘，露出左手无名指旧伤疤。女性，26岁，身高165cm，身形偏瘦偏单薄但腰背挺直，长发自来卷随意扎低马尾，皮肤白但眼下有青黑，眼睛大且亮，灰色纯色背景，现代都市写实风格，电影质感，冷色调，低饱和，暗调，写实风格，有胶片质感，胶片颗粒感，电影级光影"}
2026-04-01 22:40:03 [e7bf76622ba149faa26bac4944decef8] INFO 文生图开始 | {"model": "doubao-seedream-5-0-260128", "size": "2K", "prompt": "赵磊角色情绪设定图，2行2列共4张，均为半身。第一行左：表情嚣张得意，咧嘴笑。第一行右：表情兴奋紧张，额头有汗珠。第二行左：表情恐惧慌张，脸色发白。第二行右：表情讨好谄媚，挤笑脸。男性，30岁，身高170cm，身材粗壮，圆脸小眼，头发油乱，灰色纯色背景，现代都市写实风格，电影质感，冷色调，低饱和，暗调，写实风格，有胶片质感，胶片颗粒感，电影级光影"}
2026-04-01 22:40:03 [bcb4c086c98a485a8adf76d3df7a1b3f] INFO 文生图开始 | {"model": "doubao-seedream-5-0-260128", "size": "2K", "prompt": "赵磊角色服饰设定图，2行2列共4张，均为近景，表情平静。第一行左：脏兮兮的花衬衫，脖子上一条廉价金色粗链子。第一行右：花衬衫扣子扣错一颗，金链子，头发油乱。第二行左：脏白色背心，露出粗壮手臂，金链子。第二行右：花衬衫皱巴巴，头发更油乱，衣领处有污渍。男性，30岁，身高170cm，身材粗壮，圆脸小眼，头发油乱，灰色纯色背景，现代都市写实风格，电影质感，冷色调，低饱和，暗调，写实风格，有胶片质感，胶片颗粒感，电影级光影"}
2026-04-01 22:40:03 [3584ce0dcbd34299b9bd772d2100c3a7] INFO 文生图开始 | {"model": "doubao-seedream-5-0-260128", "size": "2K", "prompt": "苏母角色情绪设定图，2行2列共4张，均为半身。第一行左：表情讨好谄媚，嘴角上翘，眼神闪躲。第一行右：表情自得满足，嘴角微翘。第二行左：表情惊慌心虚，眼神闪躲，嘴唇紧闭。第二行右：表情严肃说教，嘴角习惯性往下撇。女性，52岁，身高158cm，身材微胖，头发花白扎得紧紧的，脸上皱纹深，灰色纯色背景，现代都市写实风格，电影质感，冷色调，低饱和，暗调，写实风格，有胶片质感，胶片颗粒感，电影级光影"}
2026-04-01 22:40:03 [d50b9df98dc846eba5f3e3307b04a8e2] INFO 文生图开始 | {"model": "doubao-seedream-5-0-260128", "size": "2K", "prompt": "苏母角色服饰设定图，2行2列共4张，均为近景，表情平静。第一行左：旧碎花衣服，洗得有些发白。第一行右：碎花衣服外系一条深色围裙。第二行左：碎花衣服稍微整洁一些，领口扣好。第二行右：碎花衣服外穿一件深色旧外套。女性，52岁，身高158cm，身材微胖，头发花白扎得紧紧的，脸上皱纹深，灰色纯色背景，现代都市写实风格，电影质感，冷色调，低饱和，暗调，写实风格，有胶片质感，胶片颗粒感，电影级光影"}
2026-04-01 22:40:03 [9a4c36971c1849e0b21d60db0c200ce8] INFO 文生图开始 | {"model": "doubao-seedream-5-0-260128", "size": "2K", "prompt": "王语嫣角色情绪设定图，2行2列共4张，均为半身。第一行左：社交假笑，标准微笑，眼角有细微鱼尾纹。第一行右：表情阴沉城府，眼神锐利，嘴角抿平。第二行左：表情不甘愤怒，假笑消失，眉头微皱。第二行右：表情优雅从容，嘴角带一丝算计的弧度。女性，27岁，身高168cm，身材高挑，大波浪卷发，妆容精致，灰色纯色背景，现代都市写实风格，电影质感，冷色调，低饱和，暗调，写实风格，有胶片质感，胶片颗粒感，电影级光影"}
2026-04-01 22:40:03 [7654c690f1dc481c92ea21ab3fbcac41] INFO 文生图开始 | {"model": "doubao-seedream-5-0-260128", "size": "2K", "prompt": "王语嫣角色服饰设定图，2行2列共4张，均为近景，表情平静。第一行左：黑色连衣裙，剪裁合身，妆容精致，耳环。第一行右：名牌职业装，白色衬衫配深色西裤，精致配饰。第二行左：高档休闲装，浅色针织衫，质感好。第二行右：黑色连衣裙外搭深色西装外套，妆容精致。女性，27岁，身高168cm，身材高挑，大波浪卷发，妆容精致，灰色纯色背景，现代都市写实风格，电影质感，冷色调，低饱和，暗调，写实风格，有胶片质感，胶片颗粒感，电影级光影"}
2026-04-01 22:40:21 [4d99074924b9423aa81164d91982902d] INFO 文生图开始 | {"model": "doubao-seedream-5-0-260128", "size": "2K", "prompt": "苏念安出租屋场景参考图，室内正面全景，从门口视角看向室内。靠墙铁架单人床，灰色薄被子叠整齐放在床头。床对面一张小方桌，桌上放着搪瓷杯和药盒。墙上贴着几张撕了一半的旧日历。窗台上一盆快死的多肉植物，叶子干瘪发黄。窗户小，采光差。整体空间很小但干净。无人物，现代都市写实风格，电影质感，冷色调，低饱和，暗调，写实风格，有胶片质感，胶片颗粒感，电影级光影"}
2026-04-01 22:40:21 [6668a7cd50de46279ab7ab6f8118ac95] INFO 文生图开始 | {"model": "doubao-seedream-5-0-260128", "size": "2K", "prompt": "沈墨白办公室场景参考图，现代写字楼高层办公室，室内全景。深色实木办公桌靠窗摆放，桌上有文件、黑色笔筒、水杯。落地窗外是灰蒙蒙的城市天际线，高楼轮廓模糊。一把皮质办公椅。室内冷色调，简约干净。无人物，现代都市写实风格，电影质感，冷色调，低饱和，暗调，写实风格，有胶片质感，胶片颗粒感，电影级光影"}
2026-04-01 22:40:21 [d733f2cce0d44da0991c648e48327c52] INFO 文生图开始 | {"model": "doubao-seedream-5-0-260128", "size": "2K", "prompt": "高档酒店饭局包间场景参考图，室内全景。圆形餐桌铺白色桌布，桌上摆着三道菜和两瓶红酒。暖黄色灯光，天花板有造型吊灯。墙面是深色木质护墙板。包间空间宽敞，铺深色地毯。整体偏暖色调但不过度明亮。无人物，现代都市写实风格，电影质感，冷色调，低饱和，暗调，写实风格，有胶片质感，胶片颗粒感，电影级光影"}
2026-04-01 22:40:21 [44800e655eea448ea9c3ec06135fbd07] INFO 文生图开始 | {"model": "doubao-seedream-5-0-260128", "size": "2K", "prompt": "赵磊出租房场景参考图，室内全景。一间杂乱的出租房，一张旧沙发靠着墙，沙发套上有污渍。茶几上放满烟灰缸、啤酒瓶。地面横七竖八倒着空啤酒瓶和垃圾。墙角有被砸坏的痕迹，墙皮脱落。灯光昏暗偏黄。整体脏乱压抑。无人物，现代都市写实风格，电影质感，冷色调，低饱和，暗调，写实风格，有胶片质感，胶片颗粒感，电影级光影"}
2026-04-01 22:40:21 [4894606280de44aa9802961b456f16ac] INFO 文生图开始 | {"model": "doubao-seedream-5-0-260128", "size": "2K", "prompt": "苏念安娘家客厅场景参考图，老式居民楼一楼客厅全景。墙上挂着一幅褪色的全家福相框，相框里没有苏念安。电视开着放在柜子上。一张旧布沙发，旁边有一个小茶几。厨房入口在画面一侧，能看到灶台和油烟熏黄的墙壁。光线偏暗，窗帘半拉着。整体老旧但有人生活的痕迹。无人物，现代都市写实风格，电影质感，冷色调，低饱和，暗调，写实风格，有胶片质感，胶片颗粒感，电影级光影"}
2026-04-01 22:40:21 [ba0a1d3baf194531a4756666634d5fef] INFO 文生图开始 | {"model": "doubao-seedream-5-0-260128", "size": "2K", "prompt": "街边小面馆场景参考图，室内全景。一间不大的路边面馆，门口支着简易的遮雨棚。店内几张塑料折叠桌和塑料凳。墙上贴着手写菜单和价格表。柜台后面能看到灶台和冒着蒸汽的大锅。灯光是普通的日光灯管，偏白偏亮。地面是灰色的水泥地，有些油渍。整体简陋但干净。无人物，现代都市写实风格，电影质感，冷色调，低饱和，暗调，写实风格，有胶片质感，胶片颗粒感，电影级光影"}
2026-04-01 22:40:21 [8e1623d3b3e7450b814a397f18464405] INFO 文生图开始 | {"model": "doubao-seedream-5-0-260128", "size": "2K", "prompt": "沈墨白黑色轿车驾驶座内部场景参考图，从副驾驶座角度拍摄车内全景。黑色皮质座椅，方向盘，中控台上的手机和水杯。挡风玻璃外是模糊的城市街景。车窗半开着。后视镜映出后方道路。车内空间干净整洁，没有多余装饰。色调偏暗偏冷。无人物，现代都市写实风格，电影质感，冷色调，低饱和，暗调，写实风格，有胶片质感，胶片颗粒感，电影级光影"}
2026-04-01 22:40:21 [bd7c306792b4442ab3a0687077af6a0d] INFO 文生图开始 | {"model": "doubao-seedream-5-0-260128", "size": "2K", "prompt": "老旧居民楼外观场景参考图，一栋六层灰色的老式居民楼，外墙墙皮部分脱落露出红砖。楼下有几辆旧电动车。单元门上方有一盏路灯。一楼住户的窗户伸出晾衣杆。地面是灰色的水泥路面，有几处裂缝。整体灰暗破旧。无人物，现代都市写实风格，电影质感，冷色调，低饱和，暗调，写实风格，有胶片质感，胶片颗粒感，电影级光影"}
2026-04-01 22:40:30 [e7bf76622ba149faa26bac4944decef8] INFO 模型 API 调用完成 | {"model": "doubao-seedream-5-0-260128", "elapsed": 26.273}
2026-04-01 22:40:30 [e7bf76622ba149faa26bac4944decef8] INFO 图片保存完成 | {"count": 1, "path": "CH03_赵磊_E.png"}
2026-04-01 22:40:30 [e7bf76622ba149faa26bac4944decef8] INFO 文生图完成 | {"total_elapsed": 27.438}
2026-04-01 22:40:34 [6b420bea288943cf9fff07364600695f] INFO 模型 API 调用完成 | {"model": "doubao-seedream-5-0-260128", "elapsed": 29.804}
2026-04-01 22:40:34 [6b420bea288943cf9fff07364600695f] INFO 图片保存完成 | {"count": 1, "path": "CH01_沈墨白_O.png"}
2026-04-01 22:40:34 [6b420bea288943cf9fff07364600695f] INFO 文生图完成 | {"total_elapsed": 30.955}
2026-04-01 22:40:36 [600a999eac684f94acd62eefe64456dd] INFO 模型 API 调用完成 | {"model": "doubao-seedream-5-0-260128", "elapsed": 32.51}
2026-04-01 22:40:36 [600a999eac684f94acd62eefe64456dd] INFO 图片保存完成 | {"count": 1, "path": "CH01_沈墨白_E.png"}
2026-04-01 22:40:36 [600a999eac684f94acd62eefe64456dd] INFO 文生图完成 | {"total_elapsed": 33.675}
2026-04-01 22:40:40 [7654c690f1dc481c92ea21ab3fbcac41] INFO 模型 API 调用完成 | {"model": "doubao-seedream-5-0-260128", "elapsed": 36.35}
2026-04-01 22:40:40 [7654c690f1dc481c92ea21ab3fbcac41] INFO 图片保存完成 | {"count": 1, "path": "CH05_王语嫣_O.png"}
2026-04-01 22:40:40 [7654c690f1dc481c92ea21ab3fbcac41] INFO 文生图完成 | {"total_elapsed": 37.46}
2026-04-01 22:40:41 [0746b1edd46c417cbc15a1bc9e5b1c2e] INFO 模型 API 调用完成 | {"model": "doubao-seedream-5-0-260128", "elapsed": 36.66}
2026-04-01 22:40:41 [0746b1edd46c417cbc15a1bc9e5b1c2e] INFO 图片保存完成 | {"count": 1, "path": "CH02_苏念安_O.png"}
2026-04-01 22:40:41 [0746b1edd46c417cbc15a1bc9e5b1c2e] INFO 文生图完成 | {"total_elapsed": 37.82}
2026-04-01 22:40:42 [9a4c36971c1849e0b21d60db0c200ce8] INFO 模型 API 调用完成 | {"model": "doubao-seedream-5-0-260128", "elapsed": 37.76}
2026-04-01 22:40:42 [9a4c36971c1849e0b21d60db0c200ce8] INFO 图片保存完成 | {"count": 1, "path": "CH05_王语嫣_E.png"}
2026-04-01 22:40:42 [9a4c36971c1849e0b21d60db0c200ce8] INFO 文生图完成 | {"total_elapsed": 38.886}
2026-04-01 22:40:43 [d50b9df98dc846eba5f3e3307b04a8e2] INFO 模型 API 调用完成 | {"model": "doubao-seedream-5-0-260128", "elapsed": 38.786}
2026-04-01 22:40:43 [d50b9df98dc846eba5f3e3307b04a8e2] INFO 图片保存完成 | {"count": 1, "path": "CH04_苏母_O.png"}
2026-04-01 22:40:43 [d50b9df98dc846eba5f3e3307b04a8e2] INFO 文生图完成 | {"total_elapsed": 39.939}
2026-04-01 22:40:43 [bcb4c086c98a485a8adf76d3df7a1b3f] INFO 模型 API 调用完成 | {"model": "doubao-seedream-5-0-260128", "elapsed": 39.157}
2026-04-01 22:40:43 [bcb4c086c98a485a8adf76d3df7a1b3f] INFO 图片保存完成 | {"count": 1, "path": "CH03_赵磊_O.png"}
2026-04-01 22:40:43 [bcb4c086c98a485a8adf76d3df7a1b3f] INFO 文生图完成 | {"total_elapsed": 40.302}
2026-04-01 22:40:47 [3584ce0dcbd34299b9bd772d2100c3a7] INFO 模型 API 调用完成 | {"model": "doubao-seedream-5-0-260128", "elapsed": 42.542}
2026-04-01 22:40:47 [3584ce0dcbd34299b9bd772d2100c3a7] INFO 图片保存完成 | {"count": 1, "path": "CH04_苏母_E.png"}
2026-04-01 22:40:47 [3584ce0dcbd34299b9bd772d2100c3a7] INFO 文生图完成 | {"total_elapsed": 43.697}
2026-04-01 22:40:47 [6668a7cd50de46279ab7ab6f8118ac95] INFO 模型 API 调用完成 | {"model": "doubao-seedream-5-0-260128", "elapsed": 25.399}
2026-04-01 22:40:47 [6668a7cd50de46279ab7ab6f8118ac95] INFO 图片保存完成 | {"count": 1, "path": "SC02_沈墨白办公室.png"}
2026-04-01 22:40:47 [6668a7cd50de46279ab7ab6f8118ac95] INFO 文生图完成 | {"total_elapsed": 26.372}
2026-04-01 22:40:48 [e593809bef2b488f8e4a712977b8225a] INFO 模型 API 调用完成 | {"model": "doubao-seedream-5-0-260128", "elapsed": 43.85}
2026-04-01 22:40:48 [e593809bef2b488f8e4a712977b8225a] INFO 图片保存完成 | {"count": 1, "path": "CH02_苏念安_E.png"}
2026-04-01 22:40:48 [e593809bef2b488f8e4a712977b8225a] INFO 文生图完成 | {"total_elapsed": 45.007}
2026-04-01 22:40:51 [44800e655eea448ea9c3ec06135fbd07] INFO 模型 API 调用完成 | {"model": "doubao-seedream-5-0-260128", "elapsed": 28.697}
2026-04-01 22:40:51 [44800e655eea448ea9c3ec06135fbd07] INFO 图片保存完成 | {"count": 1, "path": "SC04_赵磊的家.png"}
2026-04-01 22:40:51 [44800e655eea448ea9c3ec06135fbd07] INFO 文生图完成 | {"total_elapsed": 29.69}
2026-04-01 22:40:52 [8e1623d3b3e7450b814a397f18464405] INFO 模型 API 调用完成 | {"model": "doubao-seedream-5-0-260128", "elapsed": 29.607}
2026-04-01 22:40:52 [8e1623d3b3e7450b814a397f18464405] INFO 图片保存完成 | {"count": 1, "path": "SC07_沈墨白的车内.png"}
2026-04-01 22:40:52 [8e1623d3b3e7450b814a397f18464405] INFO 文生图完成 | {"total_elapsed": 30.576}
2026-04-01 22:40:52 [ba0a1d3baf194531a4756666634d5fef] INFO 模型 API 调用完成 | {"model": "doubao-seedream-5-0-260128", "elapsed": 29.907}
2026-04-01 22:40:52 [ba0a1d3baf194531a4756666634d5fef] INFO 图片保存完成 | {"count": 1, "path": "SC06_街边小面馆.png"}
2026-04-01 22:40:52 [ba0a1d3baf194531a4756666634d5fef] INFO 文生图完成 | {"total_elapsed": 30.875}
2026-04-01 22:40:52 [d733f2cce0d44da0991c648e48327c52] INFO 模型 API 调用完成 | {"model": "doubao-seedream-5-0-260128", "elapsed": 30.365}
2026-04-01 22:40:52 [d733f2cce0d44da0991c648e48327c52] INFO 图片保存完成 | {"count": 1, "path": "SC03_饭局包间.png"}
2026-04-01 22:40:52 [d733f2cce0d44da0991c648e48327c52] INFO 文生图完成 | {"total_elapsed": 31.341}
2026-04-01 22:40:57 [bd7c306792b4442ab3a0687077af6a0d] INFO 模型 API 调用完成 | {"model": "doubao-seedream-5-0-260128", "elapsed": 34.895}
2026-04-01 22:40:57 [bd7c306792b4442ab3a0687077af6a0d] INFO 图片保存完成 | {"count": 1, "path": "SC08_老旧居民楼外观.png"}
2026-04-01 22:40:57 [bd7c306792b4442ab3a0687077af6a0d] INFO 文生图完成 | {"total_elapsed": 35.843}
2026-04-01 22:40:59 [4894606280de44aa9802961b456f16ac] INFO 模型 API 调用完成 | {"model": "doubao-seedream-5-0-260128", "elapsed": 36.421}
2026-04-01 22:40:59 [4894606280de44aa9802961b456f16ac] INFO 图片保存完成 | {"count": 1, "path": "SC05_苏念安娘家.png"}
2026-04-01 22:40:59 [4894606280de44aa9802961b456f16ac] INFO 文生图完成 | {"total_elapsed": 37.389}
2026-04-01 22:41:07 [4d99074924b9423aa81164d91982902d] INFO 模型 API 调用完成 | {"model": "doubao-seedream-5-0-260128", "elapsed": 44.707}
2026-04-01 22:41:07 [4d99074924b9423aa81164d91982902d] INFO 图片保存完成 | {"count": 1, "path": "SC01_苏念安出租屋.png"}
2026-04-01 22:41:07 [4d99074924b9423aa81164d91982902d] INFO 文生图完成 | {"total_elapsed": 45.691}
2026-04-01 22:48:07 [e57bbb34906a4f13adc8c7955c157867] INFO 文生图开始 | {"model": "doubao-seedream-5-0-260128", "size": "2K", "prompt": "苏念安角色服饰设定图，2行2列共4张，均为近景，表情平静。第一行左：灰蓝色棉质衣服，干净朴素。第一行右：灰色T恤外穿红色超市马甲，马甲上有白色文字。第二行左：灰色T恤，简单宽松。第二行右：灰蓝色棉质衣服，衣袖挽到手肘，露出左手无名指旧伤疤。女性，26岁，身高165cm，身形偏瘦偏单薄但腰背挺直，长发自来卷随意扎低马尾，皮肤白净，眼睛大且亮，灰色纯色背景，现代都市写实风格，电影质感，冷色调，低饱和，暗调，写实风格，有胶片质感，胶片颗粒感，电影级光影"}
2026-04-01 22:48:40 [e57bbb34906a4f13adc8c7955c157867] INFO 模型 API 调用完成 | {"model": "doubao-seedream-5-0-260128", "elapsed": 32.358}
2026-04-01 22:48:40 [e57bbb34906a4f13adc8c7955c157867] INFO 图片保存完成 | {"count": 1, "path": "CH02_苏念安.png"}
2026-04-01 22:48:40 [e57bbb34906a4f13adc8c7955c157867] INFO 文生图完成 | {"total_elapsed": 32.939}
2026-04-01 22:51:54 [339eb064475a465e8702202329906839] INFO 文生图开始 | {"model": "doubao-seedream-5-0-260128", "size": "2K", "prompt": "一间灯光惨白的医院病房，窗帘半拉着，窗外是灰色的城市夜景和远处模糊的楼群灯光。一张病床上躺着一个头发花白、脸颊凹陷的老年男人，穿着白色病号服。他的右手紧紧攥着一张泛黄的合照，照片上是一个年轻女人对着镜头笑。枕头旁边放着一部手机，屏幕亮着，显示通话中。白色荧光灯从头顶照下来，男人的脸上有一层浅浅的阴影。现代都市写实风格，电影质感，冷色调，低饱和，暗调，写实风格，有胶片质感，胶片颗粒感，电影级光影，居中构图"}
2026-04-01 22:51:54 [c0ddbb0d124c4a35b023cfcd5625345a] INFO 文生图开始 | {"model": "doubao-seedream-5-0-260128", "size": "2K", "prompt": "病床上老年男人的半身近景画面。他头发花白、脸颊凹陷，穿着白色病号服。右手紧紧攥着一张泛黄合照，手指关节微微泛白，照片上年轻女人的笑脸朝外。枕头旁边手机屏幕亮着，显示通话中。老年男人的眼眶泛红，眼角有泪意未落，嘴唇紧抿。白色荧光灯从头顶照下，面部有浅浅阴影。背景是半拉的窗帘和窗外灰色城市夜景的模糊灯光。现代都市写实风格，电影质感，冷色调，低饱和，暗调，写实风格，有胶片质感，胶片颗粒感，电影级光影，居中构图"}
2026-04-01 22:51:54 [210674c1d8d543cabf977eb13b5a51e5] INFO 文生图开始 | {"model": "doubao-seedream-5-0-260128", "size": "2K", "prompt": "一部手机屏幕的大特写，屏幕上显示通话中03:48，白色荧光灯在屏幕上形成轻微的反光。屏幕旁边是一只苍白干瘦的手，手指微微颤抖，按在手机边缘。背景是模糊的白色枕头和病号服领口。现代都市写实风格，电影质感，冷色调，低饱和，暗调，写实风格，有胶片质感，胶片颗粒感，电影级光影"}
2026-04-01 22:51:54 [a869ba72d7f04582844453c64f5e40ed] INFO 文生图开始 | {"model": "doubao-seedream-5-0-260128", "size": "2K", "prompt": "床上老年男人的半张脸近景。他头发花白、脸颊凹陷，皮肤苍白。眼角挂着一滴泪水，泪水正顺着凹陷的脸颊缓缓滑落，泪痕在惨白灯光下反光。嘴唇微微张开，在轻微颤抖。背景是模糊的白色枕头和病号服领口。白色荧光灯从上方打下来，脸部有柔和的阴影。画面整体偏冷白色调。现代都市写实风格，电影质感，冷色调，低饱和，暗调，写实风格，有胶片质感，胶片颗粒感，电影级光影，半脸近景构图"}
2026-04-01 22:51:54 [4832bbbe9b8547edbb8e2290729b2266] INFO 文生图开始 | {"model": "doubao-seedream-5-0-260128", "size": "2K", "prompt": "一只苍白干瘦的手从画面上方垂下，手指正从一张泛黄的合照上慢慢松开，照片上年轻女人的笑脸朝上。照片下面是白色皱褶的床单，旁边是亮着屏幕的手机。画面整体偏冷白色调。现代都市写实风格，电影质感，冷色调，低饱和，暗调，写实风格，有胶片质感，胶片颗粒感，电影级光影"}
2026-04-01 22:51:54 [fb190658838b4ab9a3cd9a9f4d50a199] INFO 文生图开始 | {"model": "doubao-seedream-5-0-260128", "size": "2K", "prompt": "画面从纯白色逐渐过渡到暖黄色灯光的朦胧画面。画面中央偏下方隐约显现一个酒杯的轮廓，玻璃杯壁在暖黄灯光中微微反光，杯中有红色液体。背景是均匀柔和的暖黄色光晕，边缘逐渐晕散至暖白色。整个画面虚化朦胧，只有酒杯轮廓和红色液体微微清晰。画面处于闪白转场的末端，色彩从冷白向暖黄过渡。现代都市写实风格，电影质感，冷色调偏暖，低饱和，暗调，写实风格，有胶片质感，胶片颗粒感，电影级光影"}
2026-04-01 22:51:54 [64ca5186337148eab62501676235c425] INFO 图生图开始 | {"model": "doubao-seedream-5-0-260128", "size": "2K", "prompt": "参考图一中的场景环境和图二中的人物形象，一间高档酒店包间，暖黄色灯光。圆形餐桌上铺着白色桌布，摆着三道菜和两瓶红酒。三个人围坐——左侧一个六十岁左右穿深灰色西装的男人站着举杯，对面坐着一个穿黑色连衣裙、妆容精致的长发女人，主位上坐着一个二十八岁的男人，偏瘦但肩膀宽，五官棱角分明，穿深色衬衫袖子卷到小臂，左腕戴旧款机械手表，头发微长有一缕垂到额前。现代都市写实风格，电影质感，冷色调偏暖光，低饱和，暗调，写实风格，有胶片质感，胶片颗粒感，电影级光影，三角构图", "images": ["outputs/scripts/chong_sheng_zhui_qi_20260401/reference_images/scenes/SC03_饭局包间.png", "outputs/scripts/chong_sheng_zhui_qi_20260401/reference_images/character_images/CH05_王语嫣.png"]}
2026-04-01 22:51:54 [dbc602e26d4b4ec08441d7d003b09287] INFO 图生图开始 | {"model": "doubao-seedream-5-0-260128", "size": "2K", "prompt": "参考图一中的场景环境和图二中的人物形象，高档酒店包间三人围坐圆桌的中景画面。左侧六十岁左右的王父穿深灰色西装，站着举杯，嘴角带笑，向主位方向微微点头。对面王语嫣穿黑色连衣裙、妆容精致、大波浪长发，微笑着看向主位上的男人。主位上沈墨白坐姿端正，偏瘦但肩膀宽，五官棱角分明，穿深色衬衫袖子卷到小臂，左腕戴旧款机械手表，头发微长有一缕垂到额前，眉头微皱直视前方。圆桌上白色桌布铺着，摆着菜肴和两瓶红酒。暖黄色灯光从天花板吊灯照下。现代都市写实风格，电影质感，冷色调偏暖光，低饱和，暗调，写实风格，有胶片质感，胶片颗粒感，电影级光影，三角构图", "images": ["outputs/scripts/chong_sheng_zhui_qi_20260401/reference_images/scenes/SC03_饭局包间.png", "outputs/scripts/chong_sheng_zhui_qi_20260401/reference_images/character_images/CH05_王语嫣.png"]}
2026-04-01 22:51:54 [e1c7d666edd849b28380a8bc94236d7a] INFO 图生图开始 | {"model": "doubao-seedream-5-0-260128", "size": "2K", "prompt": "参考图中的人物形象和服饰，一个二十八岁男人的面部大特写。五官棱角分明，眉骨高，眼窝略深，薄唇。头发微长，有一缕垂到额前。他的眼神茫然，嘴唇微微张开。暖黄色灯光从左侧打过来，右半边脸在阴影中。穿深色衬衫，衣领整齐。现代都市写实风格，电影质感，冷色调偏暖光，低饱和，暗调，写实风格，有胶片质感，胶片颗粒感，电影级光影，侧面光影构图", "images": ["outputs/scripts/chong_sheng_zhui_qi_20260401/reference_images/character_images/CH01_沈墨白.png"]}
2026-04-01 22:51:54 [6d21726d6bf84aeda2b157deb4b1eb96] INFO 图生图开始 | {"model": "doubao-seedream-5-0-260128", "size": "2K", "prompt": "参考图中的人物形象和服饰，沈墨白面部大特写。二十八岁男性，五官棱角分明，眉骨高，眼窝略深，薄唇，头发微长有一缕垂到额前。穿深色衬衫，衣领整齐，袖子卷到小臂。眼神从茫然变为聚焦锐利，瞳孔微微收缩，目光直视前方充满力量感。眉头收拢紧皱，嘴唇微微动了一下但没有发出声音。暖黄色灯光从左侧打来，右半边脸在阴影中。面部光影对比强烈。现代都市写实风格，电影质感，冷色调偏暖光，低饱和，暗调，写实风格，有胶片质感，胶片颗粒感，电影级光影，侧面光影构图", "images": ["outputs/scripts/chong_sheng_zhui_qi_20260401/reference_images/character_images/CH01_沈墨白.png"]}
2026-04-01 22:51:54 [b514e79a8746404ba8a6c782cef4366a] INFO 图生图开始 | {"model": "doubao-seedream-5-0-260128", "size": "2K", "prompt": "参考图一的场景环境和参考图二的人物形象，包间内近景，沈墨白站在圆桌前，右脚已迈出一步，身体前倾，右手伸向桌上的红酒杯。白色桌布上摆着菜肴和红酒杯，杯中红色液体。他的表情严肃果断，下颌紧绷。暖黄色灯光从头顶照下。现代都市写实风格，电影质感，冷色调偏暖光，低饱和，暗调，写实风格，有胶片质感，胶片颗粒感，电影级光影", "images": ["outputs/scripts/chong_sheng_zhui_qi_20260401/reference_images/scenes/SC03_饭局包间.png", "outputs/scripts/chong_sheng_zhui_qi_20260401/reference_images/character_images/CH01_沈墨白.png"]}
2026-04-01 22:51:54 [0a4f1263a8c64e10bd3556038e6d31f3] INFO 图生图开始 | {"model": "doubao-seedream-5-0-260128", "size": "2K", "prompt": "参考图中的场景环境，白色桌布上红酒洇成不规则暗红色的大特写。一只红酒杯口朝下扣在桌布上，杯中残留的红色酒液已经完全流到桌布上，形成一团大面积的不规则暗红色渍迹，边缘在白色桌布上缓慢渗透扩散。桌布上有少量菜肴碟子，因桌面震动微微偏离原位。画面以酒渍和倒扣的酒杯为中心俯拍特写。暖黄色灯光从头顶照下，酒液表面微微反光。现代都市写实风格，电影质感，冷色调偏暖光，低饱和，暗调，写实风格，有胶片质感，胶片颗粒感，电影级光影，俯拍特写构图", "images": ["outputs/scripts/chong_sheng_zhui_qi_20260401/reference_images/scenes/SC03_饭局包间.png"]}
2026-04-01 22:52:17 [fb190658838b4ab9a3cd9a9f4d50a199] INFO 模型 API 调用完成 | {"model": "doubao-seedream-5-0-260128", "elapsed": 21.397}
2026-04-01 22:52:17 [fb190658838b4ab9a3cd9a9f4d50a199] INFO 图片保存完成 | {"count": 1, "path": "C03_last.png"}
2026-04-01 22:52:17 [fb190658838b4ab9a3cd9a9f4d50a199] INFO 文生图完成 | {"total_elapsed": 22.676}
2026-04-01 22:52:18 [075e30f17d7f4455b21669ef76fecef1] INFO 图生图开始 | {"model": "doubao-seedream-5-0-260128", "size": "2K", "prompt": "参考图一的场景环境，参考图二和三的人物形象，沈墨白站在包间门口位置，一手搭着深色外套，身体侧向门口方向，步伐紧凑。身后圆桌旁，一个穿深灰色西装的六十岁老人站在桌边举杯的手僵在半空，笑容凝固。对面一个穿黑色连衣裙的长发女人嘴角微笑消失，眼睛盯着门口方向。暖黄色灯光照在桌上的残菜和红酒渍上。现代都市写实风格，电影质感，冷色调偏暖光，低饱和，暗调，写实风格，有胶片质感，胶片颗粒感，电影级光影，纵深构图", "images": ["outputs/scripts/chong_sheng_zhui_qi_20260401/reference_images/scenes/SC03_饭局包间.png", "outputs/scripts/chong_sheng_zhui_qi_20260401/reference_images/character_images/CH01_沈墨白.png", "outputs/scripts/chong_sheng_zhui_qi_20260401/reference_images/character_images/CH05_王语嫣.png"]}
2026-04-01 22:52:18 [7d1b00b0f39a4a3aaef54dbbea88e0fe] INFO 图生图开始 | {"model": "doubao-seedream-5-0-260128", "size": "2K", "prompt": "参考图一的场景环境，参考图二的人物形象，高档酒店包间全景。圆桌上白色桌布铺着，桌上有残菜和一滩暗红色红酒渍，倒扣的酒杯清晰可见。左侧王父穿深灰色西装，站在桌边，举杯的手僵在半空，脸上的笑容已经完全消失，表情震惊僵硬。对面王语嫣穿黑色连衣裙、妆容精致、大波浪长发，低头看着桌面，嘴唇抿紧，目光从门口收回。画面右侧是包间的木门，沈墨白已经不在画面中。暖黄色灯光照在桌上的残菜和红酒渍上。深色木质护墙板为背景。现代都市写实风格，电影质感，冷色调偏暖光，低饱和，暗调，写实风格，有胶片质感，胶片颗粒感，电影级光影，全景纵深构图", "images": ["outputs/scripts/chong_sheng_zhui_qi_20260401/reference_images/scenes/SC03_饭局包间.png", "outputs/scripts/chong_sheng_zhui_qi_20260401/reference_images/character_images/CH05_王语嫣.png"]}
2026-04-01 22:52:18 [81ff9c29944142248de220c12b329fad] INFO 图生图开始 | {"model": "doubao-seedream-5-0-260128", "size": "2K", "prompt": "参考图中的人物形象和服饰，一条昏暗的酒店走廊，深色地毯，墙上挂着几幅装饰画，天花板上有暖黄色但偏暗的筒灯。沈墨白站在走廊中间，右脚迈出一步，外套搭在右臂上，左臂自然摆动。他偏瘦但肩膀宽，穿深色衬衫袖子卷到小臂，左腕旧款机械手表。头发微长有一缕垂到额前。侧面偏正面的角度。现代都市写实风格，电影质感，冷色调偏暖光，低饱和，暗调，写实风格，有胶片质感，胶片颗粒感，电影级光影，引导线构图", "images": ["outputs/scripts/chong_sheng_zhui_qi_20260401/reference_images/character_images/CH01_沈墨白.png"]}
2026-04-01 22:52:18 [575e17092fc648d8bc6098f1ae8ed697] INFO 图生图开始 | {"model": "doubao-seedream-5-0-260128", "size": "2K", "prompt": "参考图中的人物形象和服饰，昏暗酒店走廊中的中景画面。沈墨白大步快速走在走廊中间，步伐紧凑有力。他偏瘦但肩膀宽，穿深色衬衫袖子卷到小臂，左腕旧款机械手表，头发微长有一缕垂到额前。外套搭在右臂上，随步伐轻微晃动。走廊地面是深色地毯，墙上挂着装饰画，天花板有暖黄色但偏暗的筒灯。左腕上旧款机械手表的金属表壳在走廊灯光下闪着微光。侧面偏正面的角度。现代都市写实风格，电影质感，冷色调偏暖光，低饱和，暗调，写实风格，有胶片质感，胶片颗粒感，电影级光影，引导线构图", "images": ["outputs/scripts/chong_sheng_zhui_qi_20260401/reference_images/character_images/CH01_沈墨白.png"]}
2026-04-01 22:52:18 [b8b4809946604ac89c490b939dd7208f] INFO 图生图开始 | {"model": "doubao-seedream-5-0-260128", "size": "2K", "prompt": "参考图中的人物形象和服饰，沈墨白的背影在走廊尽头，正面对一扇标着安全出口的绿色铁门，一只手已推在门把手上。他的肩膀宽但偏瘦，穿深色衬衫，外套搭在右臂上。走廊暖黄灯光在身后，绿色铁门的轮廓清晰。现代都市写实风格，电影质感，冷色调偏暖光，低饱和，暗调，写实风格，有胶片质感，胶片颗粒感，电影级光影，背影构图", "images": ["outputs/scripts/chong_sheng_zhui_qi_20260401/reference_images/character_images/CH01_沈墨白.png"]}
2026-04-01 22:52:18 [b6778d619ba04a4b9b4e937772359ff4] INFO 图生图开始 | {"model": "doubao-seedream-5-0-260128", "size": "2K", "prompt": "参考图一的人物形象，参考图二的场景环境，沈墨白的背影站在打开的安全出口门前。门向外敞开，外面是夜晚的城市景象——深蓝色夜空，远处零星的楼群灯光和一条弯弯曲曲的河流反光。逆光中沈墨白的身影形成一个剪影，肩膀宽但偏瘦，穿深色衬衫，外套搭在右臂上，头发微长有一缕垂到额前被夜风吹起。门框内是他清晰的背影轮廓，门外的夜色光线从背后照来。走廊的暖黄色灯光从门内投射出来。现代都市写实风格，电影质感，冷色调偏暖光，低饱和，暗调，写实风格，有胶片质感，胶片颗粒感，电影级光影，逆光背影构图", "images": ["outputs/scripts/chong_sheng_zhui_qi_20260401/reference_images/character_images/CH01_沈墨白.png", "outputs/scripts/chong_sheng_zhui_qi_20260401/reference_images/scenes/SC08_老旧居民楼外观.png"]}
2026-04-01 22:52:19 [c7bbb21be66a4202b1a34a2af9a97c53] INFO 图生图开始 | {"model": "doubao-seedream-5-0-260128", "size": "2K", "prompt": "参考图中的场景环境，一栋老旧的六层居民楼，灰色外墙部分墙皮脱落露出红砖。楼下停着几辆旧电动车，路边停着一辆黑色轿车，车头灯关着。楼门口上方一盏路灯，灯泡忽明忽暗。天已全黑，只有路灯和远处马路灯光。画面底部是地面，能看到水泥路面和杂草。现代都市写实风格，电影质感，冷色调，低饱和，暗调，写实风格，有胶片质感，胶片颗粒感，电影级光影，仰拍建筑构图", "images": ["outputs/scripts/chong_sheng_zhui_qi_20260401/reference_images/scenes/SC08_老旧居民楼外观.png"]}
2026-04-01 22:52:19 [7264e20119a540f88f99e2f1dca77dd2] INFO 图生图开始 | {"model": "doubao-seedream-5-0-260128", "size": "2K", "prompt": "参考图中的场景环境，老旧居民楼六楼仰视远景画面。灰色外墙部分墙皮脱落露出红砖。六楼左边的窗户暗着，没有灯光透出，窗户很小，玻璃上反射着远处的一点灯光。其他楼层窗户大多亮着暖黄色的灯光。楼门口上方一盏路灯灯泡忽明忽暗。天已全黑，远处马路有微弱的灯光。一楼有旧电动车，路边停着一辆黑色轿车。画面底部是灰色的水泥路面。现代都市写实风格，电影质感，冷色调，低饱和，暗调，写实风格，有胶片质感，胶片颗粒感，电影级光影，仰拍建筑构图", "images": ["outputs/scripts/chong_sheng_zhui_qi_20260401/reference_images/scenes/SC08_老旧居民楼外观.png"]}
2026-04-01 22:52:19 [41977f1ee7324bb6b5c5822122e7df28] INFO 图生图开始 | {"model": "doubao-seedream-5-0-260128", "size": "2K", "prompt": "参考图一的场景环境，参考图二的人物形象，沈墨白站在黑色轿车旁边，头仰起，目光朝上方。他偏瘦但肩膀宽，穿深色衬衫袖子卷到小臂，左腕旧款机械手表，头发微长有一缕垂到额前。身后是老旧居民楼的灰色外墙。路灯的微弱光芒从侧面照在他脸上，一半亮一半暗。现代都市写实风格，电影质感，冷色调，低饱和，暗调，写实风格，有胶片质感，胶片颗粒感，电影级光影，仰拍人物构图", "images": ["outputs/scripts/chong_sheng_zhui_qi_20260401/reference_images/scenes/SC08_老旧居民楼外观.png", "outputs/scripts/chong_sheng_zhui_qi_20260401/reference_images/character_images/CH01_沈墨白.png"]}
2026-04-01 22:52:19 [3238bbd915484b4ca4058efee800d8d8] INFO 图生图开始 | {"model": "doubao-seedream-5-0-260128", "size": "2K", "prompt": "参考图一的场景环境，参考图二的人物形象，老旧居民楼底部单元门洞的近景画面。没有灯的黑暗门洞像一个张开的黑色口子，沈墨白的身影正走进门洞，背影逐渐被黑暗吞没，只剩下模糊的轮廓。他偏瘦但肩膀宽，穿深色衬衫，头发微长有一缕垂到额前。门洞外灰色的水泥路面，一侧停着一辆黑色轿车。楼门口上方一盏路灯灯泡忽明忽暗，微弱的灯光勉强照亮门洞边缘。身后是老旧居民楼灰色的外墙，部分墙皮脱落露出红砖。天已全黑。现代都市写实风格，电影质感，冷色调，低饱和，暗调，写实风格，有胶片质感，胶片颗粒感，电影级光影，仰拍转平视构图", "images": ["outputs/scripts/chong_sheng_zhui_qi_20260401/reference_images/scenes/SC08_老旧居民楼外观.png", "outputs/scripts/chong_sheng_zhui_qi_20260401/reference_images/character_images/CH01_沈墨白.png"]}
2026-04-01 22:52:19 [348cf49247ee4c388ab1e441196a2e6c] INFO 图生图开始 | {"model": "doubao-seedream-5-0-260128", "size": "2K", "prompt": "参考图中的场景环境，一双穿黑色皮鞋的脚踩在水泥台阶上，台阶表面磨损严重，边缘有缺角。台阶旁边是灰色的水泥墙面，墙皮大面积脱落，露出底层的水泥底。每一层拐角处有一根生锈的铁扶手。楼道里没有灯，只有拐角处窗户透进来外面的微弱光线。现代都市写实风格，电影质感，冷色调，低饱和，暗调，写实风格，有胶片质感，胶片颗粒感，电影级光影，俯拍台阶构图", "images": ["outputs/scripts/chong_sheng_zhui_qi_20260401/reference_images/scenes/SC08_老旧居民楼外观.png"]}
2026-04-01 22:52:19 [f5458e24e6e94aabac8659ee69599700] INFO 图生图开始 | {"model": "doubao-seedream-5-0-260128", "size": "2K", "prompt": "参考图中的场景环境，一双穿黑色皮鞋的脚踩在更高位置的水泥台阶上的俯拍画面。台阶表面磨损严重，边缘有缺角和裂缝。台阶旁边是灰色的水泥墙面，墙皮大面积脱落，露出底层粗糙的水泥。一侧有生锈的铁扶手，铁锈斑驳。楼道里没有灯，只有拐角处窗户透进来外面远处的微弱光线，台阶和墙面在微光中呈现暗灰色调。皮鞋鞋面干净整洁，踩在台阶中间位置。现代都市写实风格，电影质感，冷色调，低饱和，暗调，写实风格，有胶片质感，胶片颗粒感，电影级光影，俯拍台阶构图", "images": ["outputs/scripts/chong_sheng_zhui_qi_20260401/reference_images/scenes/SC08_老旧居民楼外观.png"]}
2026-04-01 22:52:20 [a869ba72d7f04582844453c64f5e40ed] INFO 模型 API 调用完成 | {"model": "doubao-seedream-5-0-260128", "elapsed": 25.142}
2026-04-01 22:52:20 [a869ba72d7f04582844453c64f5e40ed] INFO 图片保存完成 | {"count": 1, "path": "C02_last.png"}
2026-04-01 22:52:20 [a869ba72d7f04582844453c64f5e40ed] INFO 文生图完成 | {"total_elapsed": 26.47}
2026-04-01 22:52:24 [210674c1d8d543cabf977eb13b5a51e5] INFO 模型 API 调用完成 | {"model": "doubao-seedream-5-0-260128", "elapsed": 28.811}
2026-04-01 22:52:24 [210674c1d8d543cabf977eb13b5a51e5] INFO 图片保存完成 | {"count": 1, "path": "C02_first.png"}
2026-04-01 22:52:24 [210674c1d8d543cabf977eb13b5a51e5] INFO 文生图完成 | {"total_elapsed": 30.142}
2026-04-01 22:52:25 [0a4f1263a8c64e10bd3556038e6d31f3] INFO 模型 API 调用完成 | {"model": "doubao-seedream-5-0-260128", "elapsed": 29.575}
2026-04-01 22:52:25 [0a4f1263a8c64e10bd3556038e6d31f3] INFO 图片保存完成 | {"count": 1, "path": "C06_last.png"}
2026-04-01 22:52:25 [0a4f1263a8c64e10bd3556038e6d31f3] INFO 图生图完成 | {"total_elapsed": 30.764}
2026-04-01 22:52:25 [b514e79a8746404ba8a6c782cef4366a] INFO 模型 API 调用完成 | {"model": "doubao-seedream-5-0-260128", "elapsed": 29.851}
2026-04-01 22:52:25 [b514e79a8746404ba8a6c782cef4366a] INFO 图片保存完成 | {"count": 1, "path": "C06_first.png"}
2026-04-01 22:52:25 [b514e79a8746404ba8a6c782cef4366a] INFO 图生图完成 | {"total_elapsed": 31.072}
2026-04-01 22:52:26 [339eb064475a465e8702202329906839] INFO 模型 API 调用完成 | {"model": "doubao-seedream-5-0-260128", "elapsed": 30.563}
2026-04-01 22:52:26 [339eb064475a465e8702202329906839] INFO 图片保存完成 | {"count": 1, "path": "C01_first.png"}
2026-04-01 22:52:26 [339eb064475a465e8702202329906839] INFO 文生图完成 | {"total_elapsed": 31.874}
2026-04-01 22:52:26 [c0ddbb0d124c4a35b023cfcd5625345a] INFO 模型 API 调用完成 | {"model": "doubao-seedream-5-0-260128", "elapsed": 30.818}
2026-04-01 22:52:26 [c0ddbb0d124c4a35b023cfcd5625345a] INFO 图片保存完成 | {"count": 1, "path": "C01_last.png"}
2026-04-01 22:52:26 [c0ddbb0d124c4a35b023cfcd5625345a] INFO 文生图完成 | {"total_elapsed": 32.13}
2026-04-01 22:52:27 [6d21726d6bf84aeda2b157deb4b1eb96] INFO 模型 API 调用完成 | {"model": "doubao-seedream-5-0-260128", "elapsed": 30.881}
2026-04-01 22:52:27 [6d21726d6bf84aeda2b157deb4b1eb96] INFO 图片保存完成 | {"count": 1, "path": "C05_last.png"}
2026-04-01 22:52:27 [6d21726d6bf84aeda2b157deb4b1eb96] INFO 图生图完成 | {"total_elapsed": 32.113}
2026-04-01 22:52:28 [4832bbbe9b8547edbb8e2290729b2266] INFO 模型 API 调用完成 | {"model": "doubao-seedream-5-0-260128", "elapsed": 32.321}
2026-04-01 22:52:28 [4832bbbe9b8547edbb8e2290729b2266] INFO 图片保存完成 | {"count": 1, "path": "C03_first.png"}
2026-04-01 22:52:28 [4832bbbe9b8547edbb8e2290729b2266] INFO 文生图完成 | {"total_elapsed": 33.631}
2026-04-01 22:52:29 [e1c7d666edd849b28380a8bc94236d7a] INFO 模型 API 调用完成 | {"model": "doubao-seedream-5-0-260128", "elapsed": 33.721}
2026-04-01 22:52:29 [e1c7d666edd849b28380a8bc94236d7a] INFO 图片保存完成 | {"count": 1, "path": "C05_first.png"}
2026-04-01 22:52:29 [e1c7d666edd849b28380a8bc94236d7a] INFO 图生图完成 | {"total_elapsed": 34.99}
2026-04-01 22:52:34 [64ca5186337148eab62501676235c425] INFO 模型 API 调用完成 | {"model": "doubao-seedream-5-0-260128", "elapsed": 38.039}
2026-04-01 22:52:34 [64ca5186337148eab62501676235c425] INFO 图片保存完成 | {"count": 1, "path": "C04_first.png"}
2026-04-01 22:52:34 [64ca5186337148eab62501676235c425] INFO 图生图完成 | {"total_elapsed": 39.357}
2026-04-01 22:52:38 [dbc602e26d4b4ec08441d7d003b09287] INFO 模型 API 调用完成 | {"model": "doubao-seedream-5-0-260128", "elapsed": 42.288}
2026-04-01 22:52:38 [dbc602e26d4b4ec08441d7d003b09287] INFO 图片保存完成 | {"count": 1, "path": "C04_last.png"}
2026-04-01 22:52:38 [dbc602e26d4b4ec08441d7d003b09287] INFO 图生图完成 | {"total_elapsed": 43.573}
2026-04-01 22:52:43 [7f316cf0390d438283b14b5bedb3520f] INFO 图生图开始 | {"model": "doubao-seedream-5-0-260128", "size": "2K", "prompt": "参考图一的场景环境，参考图二的人物形象，昏暗楼道中，沈墨白站在一扇深绿色的旧铁门前，右手抬起，指关节距离铁门表面约两厘米。他偏瘦但肩膀宽，穿深色衬衫袖子卷到小臂，左腕旧款机械手表，头发微长有一缕垂到额前。铁门表面有些锈迹，门框旁边的墙皮脱落。楼道灯坏了，唯一光源是远处拐角窗户透入的微弱光线。现代都市写实风格，电影质感，冷色调，低饱和，暗调，写实风格，有胶片质感，胶片颗粒感，电影级光影", "images": ["outputs/scripts/chong_sheng_zhui_qi_20260401/reference_images/scenes/SC08_老旧居民楼外观.png", "outputs/scripts/chong_sheng_zhui_qi_20260401/reference_images/character_images/CH01_沈墨白.png"]}
2026-04-01 22:52:43 [06d07da4f5fa4022b64c456f957f0001] INFO 图生图开始 | {"model": "doubao-seedream-5-0-260128", "size": "2K", "prompt": "参考图一的场景环境，参考图二的人物形象，昏暗楼道中的中景画面。沈墨白靠在深绿色旧铁门旁的门框上，身体微侧。他偏瘦但肩膀宽，穿深色衬衫袖子卷到小臂，左腕旧款机械手表，头发微长有一缕垂到额前。右手拿着手机举到面前，手机屏幕亮着，白色屏幕光照亮他的半张脸——从下巴到眉骨的部分，左半边脸在手机光中清晰可见，右半边隐没在楼道黑暗中。锁屏界面显示时间21:47。铁门表面有锈迹，门框旁墙皮脱落。楼道灯坏了，手机屏幕光和远处拐角窗户的微弱光线是唯二光源。现代都市写实风格，电影质感，冷色调，低饱和，暗调，写实风格，有胶片质感，胶片颗粒感，电影级光影", "images": ["outputs/scripts/chong_sheng_zhui_qi_20260401/reference_images/scenes/SC08_老旧居民楼外观.png", "outputs/scripts/chong_sheng_zhui_qi_20260401/reference_images/character_images/CH01_沈墨白.png"]}
2026-04-01 22:52:43 [4d11eecb31fa4e8a9959a953a224fd7c] INFO 图生图开始 | {"model": "doubao-seedream-5-0-260128", "size": "2K", "prompt": "参考图一的场景环境，参考图二的人物形象，沈墨白靠着墙坐在地上，一条腿伸直一条腿弯曲。楼道里没有灯，唯一的光源是他手里竖着的手机屏幕。他的头微微靠着墙，眼睛半闭，偏瘦但肩膀宽，穿深色衬衫袖子卷到小臂，左腕旧款机械手表。手机屏幕显示21:47，白色屏幕光照亮他脸部的下半部分和胸口的衣服。深绿色铁门在他身旁。现代都市写实风格，电影质感，冷色调，低饱和，暗调，写实风格，有胶片质感，胶片颗粒感，电影级光影，俯拍构图", "images": ["outputs/scripts/chong_sheng_zhui_qi_20260401/reference_images/scenes/SC08_老旧居民楼外观.png", "outputs/scripts/chong_sheng_zhui_qi_20260401/reference_images/character_images/CH01_沈墨白.png"]}
2026-04-01 22:52:43 [3678ac065f4446338e7e28c283a5e146] INFO 图生图开始 | {"model": "doubao-seedream-5-0-260128", "size": "2K", "prompt": "参考图一的场景环境，参考图二的人物形象，昏暗楼道中沈墨白靠墙坐在地上的俯拍中景画面。楼道完全黑暗，唯一光源是他手里竖着的手机屏幕。他偏瘦但肩膀宽，穿深色衬衫袖子卷到小臂，左腕旧款机械手表，头发微长有一缕垂到额前。一条腿伸直一条腿弯曲，头微微靠着墙，眼睛半闭但没有睡着，目光有些失焦。手机屏幕显示时间23:20，白色屏幕光照亮他脸部的下半部分和胸口衣服的褶皱。身旁是深绿色的旧铁门，铁门上有锈迹。墙面是灰色水泥，墙皮大面积脱落。楼道灯坏了，手机光是唯一光源。现代都市写实风格，电影质感，冷色调，低饱和，暗调，写实风格，有胶片质感，胶片颗粒感，电影级光影，俯拍构图", "images": ["outputs/scripts/chong_sheng_zhui_qi_20260401/reference_images/scenes/SC08_老旧居民楼外观.png", "outputs/scripts/chong_sheng_zhui_qi_20260401/reference_images/character_images/CH01_沈墨白.png"]}
2026-04-01 22:52:43 [92fd786bc163448bb52d892ccb197944] INFO 图生图开始 | {"model": "doubao-seedream-5-0-260128", "size": "2K", "prompt": "参考图一的场景环境，参考图二的人物形象和服饰，一扇深绿色的旧铁门打开了一条约十五厘米的缝，门缝里透出屋内昏黄的灯光。一张女人的脸出现在门缝里——苏念安，26岁，身形偏瘦偏单薄但腰背挺直，长发自来卷随意扎低马尾，皮肤白净，穿灰色蓝色棉质衣服。门缝的灯光从屋内侧面照在她脸上，左脸颊上一块淤青清晰可见，颜色发紫偏黄边缘发绿。她的眼睛大且亮但垂着不看门外的人。现代都市写实风格，电影质感，冷色调，低饱和，暗调，写实风格，有胶片质感，胶片颗粒感，电影级光影，门框构图", "images": ["outputs/scripts/chong_sheng_zhui_qi_20260401/reference_images/scenes/SC08_老旧居民楼外观.png", "outputs/scripts/chong_sheng_zhui_qi_20260401/reference_images/character_images/CH02_苏念安.png"]}
2026-04-01 22:52:43 [0ceb0d7180a34b21b4b488f389f10dca] INFO 图生图开始 | {"model": "doubao-seedream-5-0-260128", "size": "2K", "prompt": "参考图一的场景环境，参考图二的人物形象和服饰，深绿色旧铁门打开约十五厘米的门缝近景画面。苏念安的脸在门缝中，26岁女性，身形偏瘦偏单薄但腰背挺直，长发自来卷随意扎低马尾，皮肤白净，穿灰色蓝色棉质衣服。门缝透出屋内昏黄灯光从侧面照在她脸上，左脸颊上一块淤青清晰可见，淤青从颧骨延伸到太阳穴附近约五厘米宽，颜色发紫偏黄边缘发绿，皮肤表面有轻微肿胀。她的眼神冷淡而警惕，目光从低垂慢慢抬起看向门外，眼睛大且亮。一只手紧握着门框边缘，指节微微发白。门缝背后是昏暗楼道的黑暗。现代都市写实风格，电影质感，冷色调，低饱和，暗调，写实风格，有胶片质感，胶片颗粒感，电影级光影，门框构图", "images": ["outputs/scripts/chong_sheng_zhui_qi_20260401/reference_images/scenes/SC08_老旧居民楼外观.png", "outputs/scripts/chong_sheng_zhui_qi_20260401/reference_images/character_images/CH02_苏念安.png"]}
2026-04-01 22:52:44 [b96516d05ca6499ab90b72d7bd5177d8] INFO 图生图开始 | {"model": "doubao-seedream-5-0-260128", "size": "2K", "prompt": "参考图一的人物形象，参考图二的场景环境，苏念安左脸的大特写，淤青从颧骨延伸到太阳穴附近，约五厘米宽，颜色发紫偏黄边缘发绿，皮肤表面有轻微肿胀。她的皮肤白净，长发自来卷扎低马尾。门内昏黄灯光从侧面打过来，淤青的纹理和颜色层次清晰可见。现代都市写实风格，电影质感，冷色调，低饱和，暗调，写实风格，有胶片质感，胶片颗粒感，电影级光影", "images": ["outputs/scripts/chong_sheng_zhui_qi_20260401/reference_images/character_images/CH02_苏念安.png", "outputs/scripts/chong_sheng_zhui_qi_20260401/reference_images/scenes/SC08_老旧居民楼外观.png"]}
2026-04-01 22:52:44 [a78ceb715672411b93492239103dbc49] INFO 图生图开始 | {"model": "doubao-seedream-5-0-260128", "size": "2K", "prompt": "参考图中的人物形象和服饰，沈墨白面部大特写画面。他偏瘦但肩膀宽，五官棱角分明，眉骨高，眼窝略深，薄唇，头发微长有一缕垂到额前，穿深色衬衫袖子卷到小臂。他的嘴唇紧紧抿成一条线，下颌两侧肌肉绷紧。眉头紧皱，眉心形成深深的竖纹。眼睛直直凝视前方，目光中充满压抑的痛楚和隐忍的愤怒。昏暗的楼道环境，微弱的光线从侧面照在脸上，面部一侧明亮一侧阴影深重。现代都市写实风格，电影质感，冷色调，低饱和，暗调，写实风格，有胶片质感，胶片颗粒感，电影级光影，面部大特写构图", "images": ["outputs/scripts/chong_sheng_zhui_qi_20260401/reference_images/character_images/CH01_沈墨白.png"]}
2026-04-01 22:52:44 [e527b041ae00452e89e48e244b96782a] INFO 图生图开始 | {"model": "doubao-seedream-5-0-260128", "size": "2K", "prompt": "参考图一和图二的人物形象和服饰，参考图三的场景环境，沈墨白站在深绿色铁门前，身体微微前倾，右手抬起伸向门缝方向，手指张开一半。他偏瘦但肩膀宽，五官棱角分明，眉骨高眼窝略深薄唇，穿深色衬衫袖子卷到小臂，左腕旧款机械手表，头发微长有一缕垂到额前。门缝里苏念安的脸，长发自来卷随意扎低马尾，皮肤白净，左脸淤青，灰色蓝色棉质衣服。两人隔着门缝对视。楼道黑暗，只有门缝透出的屋内灯光。现代都市写实风格，电影质感，冷色调，低饱和，暗调，写实风格，有胶片质感，胶片颗粒感，电影级光影，双人门框构图", "images": ["outputs/scripts/chong_sheng_zhui_qi_20260401/reference_images/character_images/CH01_沈墨白.png", "outputs/scripts/chong_sheng_zhui_qi_20260401/reference_images/character_images/CH02_苏念安.png", "outputs/scripts/chong_sheng_zhui_qi_20260401/reference_images/scenes/SC08_老旧居民楼外观.png"]}
2026-04-01 22:52:44 [ef18a0fcc7bc4865bd0054eceb6c5b64] INFO 图生图开始 | {"model": "doubao-seedream-5-0-260128", "size": "2K", "prompt": "参考图一和图二的人物形象和服饰，参考图三的场景环境，昏暗楼道中深绿色旧铁门前双人中近景画面。沈墨白站在门前，身体微微前倾，右手已从半空慢慢放下垂在身体一侧。他偏瘦但肩膀宽，五官棱角分明，眉骨高眼窝略深薄唇，穿深色衬衫袖子卷到小臂，左腕旧款机械手表，头发微长有一缕垂到额前。表情复杂，眉头微皱，目光通过门缝直视门内。门缝约十五厘米宽，门内苏念安的脸隔着门缝与他对视——长发自来卷随意扎低马尾，皮肤白净，左脸淤青清晰可见，穿灰色蓝色棉质衣服，眼神冷淡带着戒备的疲惫。门缝没有变大也没有关上，两人悬在对峙的静止状态中。楼道黑暗，只有门缝透出的屋内昏黄灯光是唯一光源。铁门上有锈迹，门框旁墙皮脱落。现代都市写实风格，电影质感，冷色调，低饱和，暗调，写实风格，有胶片质感，胶片颗粒感，电影级光影，双人门框构图", "images": ["outputs/scripts/chong_sheng_zhui_qi_20260401/reference_images/character_images/CH01_沈墨白.png", "outputs/scripts/chong_sheng_zhui_qi_20260401/reference_images/character_images/CH02_苏念安.png", "outputs/scripts/chong_sheng_zhui_qi_20260401/reference_images/scenes/SC08_老旧居民楼外观.png"]}
2026-04-01 22:52:52 [c7bbb21be66a4202b1a34a2af9a97c53] INFO 模型 API 调用完成 | {"model": "doubao-seedream-5-0-260128", "elapsed": 31.972}
2026-04-01 22:52:52 [c7bbb21be66a4202b1a34a2af9a97c53] INFO 图片保存完成 | {"count": 1, "path": "C10_first.png"}
2026-04-01 22:52:52 [c7bbb21be66a4202b1a34a2af9a97c53] INFO 图生图完成 | {"total_elapsed": 33.247}
2026-04-01 22:52:53 [575e17092fc648d8bc6098f1ae8ed697] INFO 模型 API 调用完成 | {"model": "doubao-seedream-5-0-260128", "elapsed": 33.007}
2026-04-01 22:52:53 [575e17092fc648d8bc6098f1ae8ed697] INFO 图片保存完成 | {"count": 1, "path": "C08_last.png"}
2026-04-01 22:52:53 [575e17092fc648d8bc6098f1ae8ed697] INFO 图生图完成 | {"total_elapsed": 34.322}
2026-04-01 22:52:53 [b8b4809946604ac89c490b939dd7208f] INFO 模型 API 调用完成 | {"model": "doubao-seedream-5-0-260128", "elapsed": 33.041}
2026-04-01 22:52:53 [b8b4809946604ac89c490b939dd7208f] INFO 图片保存完成 | {"count": 1, "path": "C09_first.png"}
2026-04-01 22:52:53 [b8b4809946604ac89c490b939dd7208f] INFO 图生图完成 | {"total_elapsed": 34.361}
2026-04-01 22:52:53 [81ff9c29944142248de220c12b329fad] INFO 模型 API 调用完成 | {"model": "doubao-seedream-5-0-260128", "elapsed": 33.54}
2026-04-01 22:52:53 [81ff9c29944142248de220c12b329fad] INFO 图片保存完成 | {"count": 1, "path": "C08_first.png"}
2026-04-01 22:52:53 [81ff9c29944142248de220c12b329fad] INFO 图生图完成 | {"total_elapsed": 34.867}
2026-04-01 22:52:53 [f5458e24e6e94aabac8659ee69599700] INFO 模型 API 调用完成 | {"model": "doubao-seedream-5-0-260128", "elapsed": 33.234}
2026-04-01 22:52:53 [f5458e24e6e94aabac8659ee69599700] INFO 图片保存完成 | {"count": 1, "path": "C12_last.png"}
2026-04-01 22:52:53 [f5458e24e6e94aabac8659ee69599700] INFO 图生图完成 | {"total_elapsed": 34.379}
2026-04-01 22:52:56 [7d1b00b0f39a4a3aaef54dbbea88e0fe] INFO 模型 API 调用完成 | {"model": "doubao-seedream-5-0-260128", "elapsed": 36.217}
2026-04-01 22:52:56 [7d1b00b0f39a4a3aaef54dbbea88e0fe] INFO 图片保存完成 | {"count": 1, "path": "C07_last.png"}
2026-04-01 22:52:56 [7d1b00b0f39a4a3aaef54dbbea88e0fe] INFO 图生图完成 | {"total_elapsed": 37.551}
2026-04-01 22:53:01 [41977f1ee7324bb6b5c5822122e7df28] INFO 模型 API 调用完成 | {"model": "doubao-seedream-5-0-260128", "elapsed": 41.212}
2026-04-01 22:53:01 [41977f1ee7324bb6b5c5822122e7df28] INFO 图片保存完成 | {"count": 1, "path": "C11_first.png"}
2026-04-01 22:53:01 [41977f1ee7324bb6b5c5822122e7df28] INFO 图生图完成 | {"total_elapsed": 42.438}
2026-04-01 22:53:01 [b6778d619ba04a4b9b4e937772359ff4] INFO 模型 API 调用完成 | {"model": "doubao-seedream-5-0-260128", "elapsed": 41.57}
2026-04-01 22:53:01 [b6778d619ba04a4b9b4e937772359ff4] INFO 图片保存完成 | {"count": 1, "path": "C09_last.png"}
2026-04-01 22:53:01 [b6778d619ba04a4b9b4e937772359ff4] INFO 图生图完成 | {"total_elapsed": 42.869}
2026-04-01 22:53:02 [7264e20119a540f88f99e2f1dca77dd2] INFO 模型 API 调用完成 | {"model": "doubao-seedream-5-0-260128", "elapsed": 41.92}
2026-04-01 22:53:02 [7264e20119a540f88f99e2f1dca77dd2] INFO 图片保存完成 | {"count": 1, "path": "C10_last.png"}
2026-04-01 22:53:02 [7264e20119a540f88f99e2f1dca77dd2] INFO 图生图完成 | {"total_elapsed": 43.144}
2026-04-01 22:53:02 [348cf49247ee4c388ab1e441196a2e6c] INFO 模型 API 调用完成 | {"model": "doubao-seedream-5-0-260128", "elapsed": 42.214}
2026-04-01 22:53:02 [348cf49247ee4c388ab1e441196a2e6c] INFO 图片保存完成 | {"count": 1, "path": "C12_first.png"}
2026-04-01 22:53:02 [348cf49247ee4c388ab1e441196a2e6c] INFO 图生图完成 | {"total_elapsed": 43.378}
2026-04-01 22:53:04 [075e30f17d7f4455b21669ef76fecef1] INFO 模型 API 调用完成 | {"model": "doubao-seedream-5-0-260128", "elapsed": 44.913}
2026-04-01 22:53:04 [075e30f17d7f4455b21669ef76fecef1] INFO 图片保存完成 | {"count": 1, "path": "C07_first.png"}
2026-04-01 22:53:04 [075e30f17d7f4455b21669ef76fecef1] INFO 图生图完成 | {"total_elapsed": 46.222}
2026-04-01 22:53:06 [3238bbd915484b4ca4058efee800d8d8] INFO 模型 API 调用完成 | {"model": "doubao-seedream-5-0-260128", "elapsed": 46.282}
2026-04-01 22:53:06 [3238bbd915484b4ca4058efee800d8d8] INFO 图片保存完成 | {"count": 1, "path": "C11_last.png"}
2026-04-01 22:53:06 [3238bbd915484b4ca4058efee800d8d8] INFO 图生图完成 | {"total_elapsed": 47.482}
2026-04-01 22:53:20 [7f316cf0390d438283b14b5bedb3520f] INFO 模型 API 调用完成 | {"model": "doubao-seedream-5-0-260128", "elapsed": 36.027}
2026-04-01 22:53:20 [7f316cf0390d438283b14b5bedb3520f] INFO 图片保存完成 | {"count": 1, "path": "C13_first.png"}
2026-04-01 22:53:20 [7f316cf0390d438283b14b5bedb3520f] INFO 图生图完成 | {"total_elapsed": 37.205}
2026-04-01 22:53:23 [a78ceb715672411b93492239103dbc49] INFO 模型 API 调用完成 | {"model": "doubao-seedream-5-0-260128", "elapsed": 38.113}
2026-04-01 22:53:23 [a78ceb715672411b93492239103dbc49] INFO 图片保存完成 | {"count": 1, "path": "C16_last.png"}
2026-04-01 22:53:23 [a78ceb715672411b93492239103dbc49] INFO 图生图完成 | {"total_elapsed": 39.213}
2026-04-01 22:53:26 [4d11eecb31fa4e8a9959a953a224fd7c] INFO 模型 API 调用完成 | {"model": "doubao-seedream-5-0-260128", "elapsed": 41.53}
2026-04-01 22:53:26 [4d11eecb31fa4e8a9959a953a224fd7c] INFO 图片保存完成 | {"count": 1, "path": "C14_first.png"}
2026-04-01 22:53:26 [4d11eecb31fa4e8a9959a953a224fd7c] INFO 图生图完成 | {"total_elapsed": 42.695}
2026-04-01 22:53:26 [92fd786bc163448bb52d892ccb197944] INFO 模型 API 调用完成 | {"model": "doubao-seedream-5-0-260128", "elapsed": 41.572}
2026-04-01 22:53:26 [92fd786bc163448bb52d892ccb197944] INFO 图片保存完成 | {"count": 1, "path": "C15_first.png"}
2026-04-01 22:53:26 [92fd786bc163448bb52d892ccb197944] INFO 图生图完成 | {"total_elapsed": 42.727}
2026-04-01 22:53:27 [b96516d05ca6499ab90b72d7bd5177d8] INFO 模型 API 调用完成 | {"model": "doubao-seedream-5-0-260128", "elapsed": 41.91}
2026-04-01 22:53:27 [b96516d05ca6499ab90b72d7bd5177d8] INFO 图片保存完成 | {"count": 1, "path": "C16_first.png"}
2026-04-01 22:53:27 [b96516d05ca6499ab90b72d7bd5177d8] INFO 图生图完成 | {"total_elapsed": 43.012}
2026-04-01 22:53:28 [06d07da4f5fa4022b64c456f957f0001] INFO 模型 API 调用完成 | {"model": "doubao-seedream-5-0-260128", "elapsed": 43.164}
2026-04-01 22:53:28 [06d07da4f5fa4022b64c456f957f0001] INFO 图片保存完成 | {"count": 1, "path": "C13_last.png"}
2026-04-01 22:53:28 [06d07da4f5fa4022b64c456f957f0001] INFO 图生图完成 | {"total_elapsed": 44.367}
2026-04-01 22:53:28 [e527b041ae00452e89e48e244b96782a] INFO 模型 API 调用完成 | {"model": "doubao-seedream-5-0-260128", "elapsed": 43.635}
2026-04-01 22:53:28 [e527b041ae00452e89e48e244b96782a] INFO 图片保存完成 | {"count": 1, "path": "C17_first.png"}
2026-04-01 22:53:28 [e527b041ae00452e89e48e244b96782a] INFO 图生图完成 | {"total_elapsed": 44.695}
2026-04-01 22:53:29 [3678ac065f4446338e7e28c283a5e146] INFO 模型 API 调用完成 | {"model": "doubao-seedream-5-0-260128", "elapsed": 44.401}
2026-04-01 22:53:29 [3678ac065f4446338e7e28c283a5e146] INFO 图片保存完成 | {"count": 1, "path": "C14_last.png"}
2026-04-01 22:53:29 [3678ac065f4446338e7e28c283a5e146] INFO 图生图完成 | {"total_elapsed": 45.575}
2026-04-01 22:53:31 [ef18a0fcc7bc4865bd0054eceb6c5b64] INFO 模型 API 调用完成 | {"model": "doubao-seedream-5-0-260128", "elapsed": 46.015}
2026-04-01 22:53:31 [ef18a0fcc7bc4865bd0054eceb6c5b64] INFO 图片保存完成 | {"count": 1, "path": "C17_last.png"}
2026-04-01 22:53:31 [ef18a0fcc7bc4865bd0054eceb6c5b64] INFO 图生图完成 | {"total_elapsed": 47.053}
2026-04-01 22:53:32 [0ceb0d7180a34b21b4b488f389f10dca] INFO 模型 API 调用完成 | {"model": "doubao-seedream-5-0-260128", "elapsed": 47.305}
2026-04-01 22:53:32 [0ceb0d7180a34b21b4b488f389f10dca] INFO 图片保存完成 | {"count": 1, "path": "C15_last.png"}
2026-04-01 22:53:32 [0ceb0d7180a34b21b4b488f389f10dca] INFO 图生图完成 | {"total_elapsed": 48.439}
2026-04-01 23:43:31 [12125dafe4d24967b9125d18603f1fc9] INFO 视频任务开始 | {"scene": "first_frame_to_video", "model": "doubao-seedance-1-5-pro-251215", "prompt": "现代都市写实风格，电影质感，冷色调，低饱和，暗调，胶片颗粒感。一间灯光惨白的医院病房，窗帘半拉着，窗外是灰色的城市夜景。一张病床上躺着一个头发花白、脸颊凹陷的老年男人，穿着白色病号服。镜头从中景缓慢推近到近景。床上男人的胸腔微微起伏，呼吸浅而慢。他的右手攥着一张泛黄合照的手指慢慢收紧，指节泛白。手机屏幕上的通话时间数字从03:47跳到03:48。", "ratio": "9:16", "duration": 4, "resolution": "480p", "generate_audio": "(API默认true)", "service_tier": "(API默认default/在线)", "draft": false, "return_last_frame": false, "images": ["outputs/scripts/chong_sheng_zhui_qi_20260401/reference_images/nightmare/keyframes/E01/C01_first.png"]}
2026-04-01 23:43:31 [891345a1867745f88743783952d51bd3] INFO 视频任务开始 | {"scene": "first_frame_to_video", "model": "doubao-seedance-1-5-pro-251215", "prompt": "现代都市写实风格，电影质感，冷色调，低饱和，暗调，胶片颗粒感。一只苍白干瘦的手从画面上方垂下，手指正从一张泛黄的合照上慢慢松开，照片上年轻女人的笑脸朝上。照片下面是白色皱褶的床单。手指完全松开，照片从手掌中滑落到床单上正面朝上。画面迅速变白持续一秒。白色像雾气一样逐渐消退，暖黄色灯光从画面中心向外扩散，一个酒杯的轮廓在暖黄灯光中隐约显现，杯中有红色液体。", "ratio": "9:16", "duration": 5, "resolution": "480p", "generate_audio": "(API默认true)", "service_tier": "(API默认default/在线)", "draft": false, "return_last_frame": false, "images": ["outputs/scripts/chong_sheng_zhui_qi_20260401/reference_images/nightmare/keyframes/E01/C02_last.png"]}
2026-04-01 23:43:31 [55f4307614a446278f050813afe88a51] INFO 视频任务开始 | {"scene": "first_frame_to_video", "model": "doubao-seedance-1-5-pro-251215", "prompt": "现代都市写实风格，电影质感，冷色调偏暖光，低饱和，暗调，胶片颗粒感。一间高档酒店包间，暖黄色灯光，圆形餐桌上铺着白色桌布，摆着三道菜和两瓶红酒。镜头从全景缓慢推近到中景。站着的穿深灰色西装的六十岁老人举起酒杯，嘴角带笑，向主位方向微微点头。对面穿黑色连衣裙、妆容精致、大波浪长发的女人微笑着看向主位上的男人。", "ratio": "9:16", "duration": 4, "resolution": "480p", "generate_audio": "(API默认true)", "service_tier": "(API默认default/在线)", "draft": false, "return_last_frame": false, "images": ["outputs/scripts/chong_sheng_zhui_qi_20260401/reference_images/nightmare/keyframes/E01/C04_first.png"]}
2026-04-01 23:43:37 [891345a1867745f88743783952d51bd3] INFO 视频任务创建完成 | {"task_id": "cgt-20260401234334-c64nd", "status": "unknown", "api_elapsed": 4.201}
2026-04-01 23:43:37 [891345a1867745f88743783952d51bd3] INFO 开始轮询视频任务 | {"task_id": "cgt-20260401234334-c64nd", "interval": 15, "timeout": 900}
2026-04-01 23:43:37 [12125dafe4d24967b9125d18603f1fc9] INFO 视频任务创建完成 | {"task_id": "cgt-20260401234334-p5v9p", "status": "unknown", "api_elapsed": 4.348}
2026-04-01 23:43:37 [12125dafe4d24967b9125d18603f1fc9] INFO 开始轮询视频任务 | {"task_id": "cgt-20260401234334-p5v9p", "interval": 15, "timeout": 900}
2026-04-01 23:43:37 [891345a1867745f88743783952d51bd3] INFO 视频任务状态 | {"status": "running"}
2026-04-01 23:43:37 [12125dafe4d24967b9125d18603f1fc9] INFO 视频任务状态 | {"status": "running"}
2026-04-01 23:43:37 [55f4307614a446278f050813afe88a51] INFO 视频任务创建完成 | {"task_id": "cgt-20260401234335-sjvrt", "status": "unknown", "api_elapsed": 4.921}
2026-04-01 23:43:37 [55f4307614a446278f050813afe88a51] INFO 开始轮询视频任务 | {"task_id": "cgt-20260401234335-sjvrt", "interval": 15, "timeout": 900}
2026-04-01 23:43:37 [55f4307614a446278f050813afe88a51] INFO 视频任务状态 | {"status": "running"}
2026-04-01 23:44:07 [891345a1867745f88743783952d51bd3] INFO 视频任务状态 | {"status": "succeeded"}
2026-04-01 23:44:07 [891345a1867745f88743783952d51bd3] INFO 视频生成成功 | {"task_id": "cgt-20260401234334-c64nd", "poll_elapsed": 30.66}
2026-04-01 23:44:07 [12125dafe4d24967b9125d18603f1fc9] INFO 视频任务状态 | {"status": "succeeded"}
2026-04-01 23:44:07 [12125dafe4d24967b9125d18603f1fc9] INFO 视频生成成功 | {"task_id": "cgt-20260401234334-p5v9p", "poll_elapsed": 30.701}
2026-04-01 23:44:09 [55f4307614a446278f050813afe88a51] INFO 视频任务状态 | {"status": "succeeded"}
2026-04-01 23:44:09 [55f4307614a446278f050813afe88a51] INFO 视频生成成功 | {"task_id": "cgt-20260401234335-sjvrt", "poll_elapsed": 31.467}
2026-04-01 23:44:11 [12125dafe4d24967b9125d18603f1fc9] INFO 视频下载完成 | {"path": "20260401_234407_cgt-20260401.mp4"}
2026-04-01 23:44:11 [12125dafe4d24967b9125d18603f1fc9] INFO 视频任务完成 | {"task_id": "cgt-20260401234334-p5v9p", "total_elapsed": 40.862}
2026-04-01 23:44:12 [891345a1867745f88743783952d51bd3] INFO 视频下载完成 | {"path": "20260401_234407_cgt-20260401.mp4"}
2026-04-01 23:44:12 [891345a1867745f88743783952d51bd3] INFO 视频任务完成 | {"task_id": "cgt-20260401234334-c64nd", "total_elapsed": 41.195}
2026-04-01 23:44:13 [55f4307614a446278f050813afe88a51] INFO 视频下载完成 | {"path": "20260401_234409_cgt-20260401.mp4"}
2026-04-01 23:44:13 [55f4307614a446278f050813afe88a51] INFO 视频任务完成 | {"task_id": "cgt-20260401234335-sjvrt", "total_elapsed": 42.082}
2026-04-01 23:45:13 [2f1bdce0db314c7e883b8270dcb5d199] INFO 视频任务开始 | {"scene": "first_frame_to_video", "model": "doubao-seedance-1-5-pro-251215", "prompt": "现代都市写实风格，电影质感，冷色调，低饱和，暗调，胶片颗粒感。一部手机屏幕的大特写，屏幕上显示通话中03:48，白色荧光灯在屏幕上形成轻微的反光。屏幕旁边是一只苍白干瘦的手，手指微微颤抖，按在手机边缘。背景是模糊的白色枕头和病号服领口。镜头从手机屏幕大特写缓慢拉远，露出床上老年男人的半张脸。他的眼角有一滴泪水滑下来，顺着凹陷的脸颊流到枕头的褶皱里。嘴唇微微张开，在颤动。", "ratio": "9:16", "duration": 7, "resolution": "480p", "generate_audio": "(API默认true)", "service_tier": "(API默认default/在线)", "draft": false, "return_last_frame": false, "images": ["outputs/scripts/chong_sheng_zhui_qi_20260401/reference_images/nightmare/keyframes/E01/C01_last.png"]}
2026-04-01 23:45:13 [081707d902c54010b977d8330ffe3543] INFO 视频任务开始 | {"scene": "first_frame_to_video", "model": "doubao-seedance-1-5-pro-251215", "prompt": "现代都市写实风格，电影质感，冷色调，低饱和，暗调，胶片颗粒感。一间灯光惨白的医院病房，窗帘半拉着，窗外是灰色的城市夜景和远处模糊的楼群灯光。一张病床上躺着一个头发花白、脸颊凹陷的老年男人，穿着白色病号服。他的右手紧紧攥着一张泛黄的合照，照片上是一个年轻女人对着镜头笑。枕头旁边放着一部手机，屏幕亮着，显示通话中。镜头从中景缓慢推近到半身近景。床上男人的胸腔微微起伏，呼吸浅而慢。他的右手攥着照片的手指慢慢收紧，指节泛白。手机屏幕上的通话时间从03:47跳到03:48。男人的眼眶逐渐泛红，表情从木然变得痛苦。", "ratio": "9:16", "duration": 8, "resolution": "480p", "generate_audio": "(API默认true)", "service_tier": "(API默认default/在线)", "draft": false, "return_last_frame": false, "images": ["outputs/scripts/chong_sheng_zhui_qi_20260401/reference_images/nightmare/keyframes/E01/C01_first.png"]}
2026-04-01 23:45:13 [a38afa00f0a24a7586c108bdd87ec878] INFO 视频任务开始 | {"scene": "first_frame_to_video", "model": "doubao-seedance-1-5-pro-251215", "prompt": "现代都市写实风格，电影质感，冷色调，低饱和，暗调，胶片颗粒感。一只苍白干瘦的手从画面上方垂下，手指正从一张泛黄的合照上慢慢松开，照片上年轻女人的笑脸朝上。照片下面是白色皱褶的床单，旁边是亮着屏幕的手机。手指完全松开，照片从手掌中滑落到床单上正面朝上。画面迅速变白持续一秒后像雾气消退，暖黄色灯光从画面中心向外扩散，一个酒杯的轮廓在暖黄灯光中隐约显现，杯中有红色液体。", "ratio": "9:16", "duration": 5, "resolution": "480p", "generate_audio": "(API默认true)", "service_tier": "(API默认default/在线)", "draft": false, "return_last_frame": false, "images": ["outputs/scripts/chong_sheng_zhui_qi_20260401/reference_images/nightmare/keyframes/E01/C02_last.png"]}
2026-04-01 23:45:17 [a38afa00f0a24a7586c108bdd87ec878] INFO 视频任务创建完成 | {"task_id": "cgt-20260401234515-p9znq", "status": "unknown", "api_elapsed": 3.033}
2026-04-01 23:45:17 [a38afa00f0a24a7586c108bdd87ec878] INFO 开始轮询视频任务 | {"task_id": "cgt-20260401234515-p9znq", "interval": 15, "timeout": 900}
2026-04-01 23:45:17 [a38afa00f0a24a7586c108bdd87ec878] INFO 视频任务状态 | {"status": "running"}
2026-04-01 23:45:17 [081707d902c54010b977d8330ffe3543] INFO 视频任务创建完成 | {"task_id": "cgt-20260401234515-5w7bl", "status": "unknown", "api_elapsed": 3.135}
2026-04-01 23:45:17 [081707d902c54010b977d8330ffe3543] INFO 开始轮询视频任务 | {"task_id": "cgt-20260401234515-5w7bl", "interval": 15, "timeout": 900}
2026-04-01 23:45:17 [081707d902c54010b977d8330ffe3543] INFO 视频任务状态 | {"status": "running"}
2026-04-01 23:45:17 [2f1bdce0db314c7e883b8270dcb5d199] INFO 视频任务创建完成 | {"task_id": "cgt-20260401234515-qnvb6", "status": "unknown", "api_elapsed": 3.211}
2026-04-01 23:45:17 [2f1bdce0db314c7e883b8270dcb5d199] INFO 开始轮询视频任务 | {"task_id": "cgt-20260401234515-qnvb6", "interval": 15, "timeout": 900}
2026-04-01 23:45:17 [2f1bdce0db314c7e883b8270dcb5d199] INFO 视频任务状态 | {"status": "queued"}
2026-04-01 23:45:33 [2f1bdce0db314c7e883b8270dcb5d199] INFO 视频任务状态 | {"status": "running"}
2026-04-01 23:45:48 [a38afa00f0a24a7586c108bdd87ec878] INFO 视频任务状态 | {"status": "succeeded"}
2026-04-01 23:45:48 [a38afa00f0a24a7586c108bdd87ec878] INFO 视频生成成功 | {"task_id": "cgt-20260401234515-p9znq", "poll_elapsed": 30.632}
2026-04-01 23:45:49 [a38afa00f0a24a7586c108bdd87ec878] INFO 视频下载完成 | {"path": "20260401_234548_cgt-20260401.mp4"}
2026-04-01 23:45:49 [a38afa00f0a24a7586c108bdd87ec878] INFO 视频任务完成 | {"task_id": "cgt-20260401234515-p9znq", "total_elapsed": 37.018}
2026-04-01 23:46:03 [081707d902c54010b977d8330ffe3543] INFO 视频任务状态 | {"status": "succeeded"}
2026-04-01 23:46:03 [081707d902c54010b977d8330ffe3543] INFO 视频生成成功 | {"task_id": "cgt-20260401234515-5w7bl", "poll_elapsed": 45.919}
2026-04-01 23:46:05 [081707d902c54010b977d8330ffe3543] INFO 视频下载完成 | {"path": "20260401_234603_cgt-20260401.mp4"}
2026-04-01 23:46:05 [081707d902c54010b977d8330ffe3543] INFO 视频任务完成 | {"task_id": "cgt-20260401234515-5w7bl", "total_elapsed": 52.785}
2026-04-01 23:46:19 [2f1bdce0db314c7e883b8270dcb5d199] INFO 视频任务状态 | {"status": "succeeded"}
2026-04-01 23:46:19 [2f1bdce0db314c7e883b8270dcb5d199] INFO 视频生成成功 | {"task_id": "cgt-20260401234515-qnvb6", "poll_elapsed": 61.587}
2026-04-01 23:46:20 [2f1bdce0db314c7e883b8270dcb5d199] INFO 视频下载完成 | {"path": "20260401_234619_cgt-20260401.mp4"}
2026-04-01 23:46:20 [2f1bdce0db314c7e883b8270dcb5d199] INFO 视频任务完成 | {"task_id": "cgt-20260401234515-qnvb6", "total_elapsed": 68.273}
